

Started GET "/" for 111.86.194.111 at 2016-03-04 16:20:47 +0000
Processing by Rails::WelcomeController#index as HTML
  Rendered /usr/local/rvm/gems/ruby-2.3.0/gems/railties-4.2.2/lib/rails/templates/rails/welcome/index.html.erb (4.1ms)
Completed 200 OK in 40ms (Views: 21.0ms | ActiveRecord: 0.0ms)


Started GET "/" for 111.86.194.111 at 2016-03-04 16:25:07 +0000
Processing by ApplicationController#hello as HTML
  Rendered text template (0.0ms)
Completed 200 OK in 52ms (Views: 25.5ms | ActiveRecord: 0.0ms)


Started GET "/" for 111.86.194.111 at 2016-03-04 16:48:23 +0000
Processing by ApplicationController#hello as HTML
  Rendered text template (0.0ms)
Completed 200 OK in 41ms (Views: 16.2ms | ActiveRecord: 0.0ms)


Started GET "/" for 111.86.194.111 at 2016-03-04 16:48:25 +0000
Processing by ApplicationController#hello as HTML
  Rendered text template (0.1ms)
Completed 200 OK in 1ms (Views: 0.7ms | ActiveRecord: 0.0ms)


Started GET "/" for 111.86.194.111 at 2016-03-05 14:28:24 +0000
Processing by ApplicationController#hello as HTML
  Rendered text template (0.0ms)
Completed 200 OK in 50ms (Views: 28.8ms | ActiveRecord: 0.0ms)


Started GET "/" for 111.86.194.111 at 2016-03-05 14:29:12 +0000
Processing by ApplicationController#hello as HTML
  Rendered text template (0.0ms)
Completed 200 OK in 1ms (Views: 0.5ms | ActiveRecord: 0.0ms)


Started GET "/static-pages/home" for 111.86.194.111 at 2016-03-05 14:29:22 +0000

ActionController::RoutingError (No route matches [GET] "/static-pages/home"):
  web-console (2.0.0.beta3) lib/action_dispatch/debug_exceptions.rb:22:in `middleware_call'
  web-console (2.0.0.beta3) lib/action_dispatch/debug_exceptions.rb:13:in `call'
  actionpack (4.2.2) lib/action_dispatch/middleware/show_exceptions.rb:30:in `call'
  railties (4.2.2) lib/rails/rack/logger.rb:38:in `call_app'
  railties (4.2.2) lib/rails/rack/logger.rb:20:in `block in call'
  activesupport (4.2.2) lib/active_support/tagged_logging.rb:68:in `block in tagged'
  activesupport (4.2.2) lib/active_support/tagged_logging.rb:26:in `tagged'
  activesupport (4.2.2) lib/active_support/tagged_logging.rb:68:in `tagged'
  railties (4.2.2) lib/rails/rack/logger.rb:20:in `call'
  actionpack (4.2.2) lib/action_dispatch/middleware/request_id.rb:21:in `call'
  rack (1.6.4) lib/rack/methodoverride.rb:22:in `call'
  rack (1.6.4) lib/rack/runtime.rb:18:in `call'
  activesupport (4.2.2) lib/active_support/cache/strategy/local_cache_middleware.rb:28:in `call'
  rack (1.6.4) lib/rack/lock.rb:17:in `call'
  actionpack (4.2.2) lib/action_dispatch/middleware/static.rb:113:in `call'
  rack (1.6.4) lib/rack/sendfile.rb:113:in `call'
  railties (4.2.2) lib/rails/engine.rb:518:in `call'
  railties (4.2.2) lib/rails/application.rb:164:in `call'
  rack (1.6.4) lib/rack/lock.rb:17:in `call'
  rack (1.6.4) lib/rack/content_length.rb:15:in `call'
  rack (1.6.4) lib/rack/handler/webrick.rb:88:in `service'
  /usr/local/rvm/rubies/ruby-2.3.0/lib/ruby/2.3.0/webrick/httpserver.rb:140:in `service'
  /usr/local/rvm/rubies/ruby-2.3.0/lib/ruby/2.3.0/webrick/httpserver.rb:96:in `run'
  /usr/local/rvm/rubies/ruby-2.3.0/lib/ruby/2.3.0/webrick/server.rb:296:in `block in start_thread'


  Rendered /usr/local/rvm/gems/ruby-2.3.0/gems/web-console-2.0.0.beta3/lib/action_dispatch/templates/rescues/_trace.html.erb (3.3ms)
  Rendered /usr/local/rvm/gems/ruby-2.3.0/gems/web-console-2.0.0.beta3/lib/action_dispatch/templates/rescues/routing_error.html.erb within rescues/layout (106.7ms)


Started GET "/static_pages/home" for 111.86.194.111 at 2016-03-05 14:29:38 +0000
Processing by StaticPagesController#home as HTML
  Rendered static_pages/home.html.erb within layouts/application (0.6ms)
Completed 200 OK in 1523ms (Views: 1521.2ms | ActiveRecord: 0.0ms)


Started GET "/assets/static_pages.self-e3b0c44298fc1c149afbf4c8996fb92427ae41e4649b934ca495991b7852b855.css?body=1" for 111.86.194.111 at 2016-03-05 14:29:39 +0000


Started GET "/assets/application.self-e80e8f2318043e8af94dddc2adad5a4f09739a8ebb323b3ab31cd71d45fd9113.css?body=1" for 111.86.194.111 at 2016-03-05 14:29:39 +0000


Started GET "/assets/jquery.self-d03a5518f45df77341bdbe6201ba3bfa547ebba8ed64f0ea56bfa5f96ea7c074.js?body=1" for 111.86.194.111 at 2016-03-05 14:29:39 +0000


Started GET "/assets/jquery_ujs.self-8e98a7a072a6cee1372d19fff9ff3e6aa1e39a37d89d6f06861637d061113ee7.js?body=1" for 111.86.194.111 at 2016-03-05 14:29:39 +0000


Started GET "/assets/application.self-3b8dabdc891efe46b9a144b400ad69e37d7e5876bdc39dee783419a69d7ca819.js?body=1" for 111.86.194.111 at 2016-03-05 14:29:39 +0000


Started GET "/assets/turbolinks.self-c846e670826600e8c91b1a5ada3e6547110d996cd6ff24cde55024f7a135a1b4.js?body=1" for 111.86.194.111 at 2016-03-05 14:29:40 +0000


Started GET "/assets/static_pages.self-877aef30ae1b040ab8a3aba4e3e309a11d7f2612f44dde450b5c157aa5f95c05.js?body=1" for 111.86.194.111 at 2016-03-05 14:29:40 +0000


Started GET "/" for 111.86.194.111 at 2016-03-06 06:23:28 +0000
Processing by ApplicationController#hello as HTML
  Rendered text template (0.0ms)
Completed 200 OK in 46ms (Views: 27.1ms | ActiveRecord: 0.0ms)


Started GET "/static_pages/home" for 111.86.194.111 at 2016-03-06 06:23:34 +0000
Processing by StaticPagesController#home as HTML
  Rendered static_pages/home.html.erb within layouts/application (6.2ms)
Completed 200 OK in 299ms (Views: 298.2ms | ActiveRecord: 0.0ms)


Started GET "/static_pages/help" for 111.86.194.111 at 2016-03-06 06:23:44 +0000
Processing by StaticPagesController#help as HTML
  Rendered static_pages/help.html.erb within layouts/application (0.7ms)
Completed 200 OK in 50ms (Views: 48.9ms | ActiveRecord: 0.0ms)


Started GET "/assets/static_pages.self-e3b0c44298fc1c149afbf4c8996fb92427ae41e4649b934ca495991b7852b855.css?body=1" for 111.86.194.111 at 2016-03-06 06:53:46 +0000


Started GET "/assets/application.self-e80e8f2318043e8af94dddc2adad5a4f09739a8ebb323b3ab31cd71d45fd9113.css?body=1" for 111.86.194.111 at 2016-03-06 06:53:46 +0000


Started GET "/" for 111.86.194.111 at 2016-03-06 07:03:43 +0000
Processing by StaticPagesController#home as HTML
  Rendered static_pages/home.html.erb within layouts/application (0.6ms)
Completed 200 OK in 44ms (Views: 42.5ms | ActiveRecord: 0.0ms)
  [1m[36m (18.4ms)[0m  [1mCREATE TABLE "schema_migrations" ("version" varchar NOT NULL) [0m
  [1m[35m (0.2ms)[0m  select sqlite_version(*)
  [1m[36m (9.6ms)[0m  [1mCREATE UNIQUE INDEX "unique_schema_migrations" ON "schema_migrations" ("version")[0m
  [1m[35mActiveRecord::SchemaMigration Load (0.2ms)[0m  SELECT "schema_migrations".* FROM "schema_migrations"
Migrating to CreateWords (20160306071841)
  [1m[36m (0.1ms)[0m  [1mbegin transaction[0m
  [1m[35m (0.6ms)[0m  CREATE TABLE "words" ("id" INTEGER PRIMARY KEY AUTOINCREMENT NOT NULL, "conjunction" varchar, "created_at" datetime NOT NULL, "updated_at" datetime NOT NULL) 
  [1m[36mSQL (0.2ms)[0m  [1mINSERT INTO "schema_migrations" ("version") VALUES (?)[0m  [["version", "20160306071841"]]
  [1m[35m (14.4ms)[0m  commit transaction
  [1m[36mActiveRecord::SchemaMigration Load (0.2ms)[0m  [1mSELECT "schema_migrations".* FROM "schema_migrations"[0m


Started GET "/words" for 111.86.194.111 at 2016-03-06 07:22:42 +0000
  [1m[36mActiveRecord::SchemaMigration Load (0.2ms)[0m  [1mSELECT "schema_migrations".* FROM "schema_migrations"[0m
Processing by WordsController#index as HTML
  [1m[35mWord Load (0.2ms)[0m  SELECT "words".* FROM "words"
  Rendered words/index.html.erb within layouts/application (7.3ms)
Completed 200 OK in 808ms (Views: 779.2ms | ActiveRecord: 0.4ms)


Started GET "/assets/scaffolds.self-d2e5ccad1506299feea3a35bfb7c525e101bb3b214303715deb675fdc539948b.css?body=1" for 111.86.194.111 at 2016-03-06 07:22:44 +0000


Started GET "/assets/words.self-e3b0c44298fc1c149afbf4c8996fb92427ae41e4649b934ca495991b7852b855.css?body=1" for 111.86.194.111 at 2016-03-06 07:22:44 +0000


Started GET "/assets/words.self-877aef30ae1b040ab8a3aba4e3e309a11d7f2612f44dde450b5c157aa5f95c05.js?body=1" for 111.86.194.111 at 2016-03-06 07:22:44 +0000


Started GET "/words/new" for 111.86.194.111 at 2016-03-06 07:22:55 +0000
Processing by WordsController#new as HTML
  Rendered words/_form.html.erb (70.1ms)
  Rendered words/new.html.erb within layouts/application (96.6ms)
Completed 200 OK in 180ms (Views: 167.0ms | ActiveRecord: 0.6ms)


Started POST "/words" for 111.86.194.111 at 2016-03-06 07:23:09 +0000
Processing by WordsController#create as HTML
  Parameters: {"utf8"=>"âœ“", "authenticity_token"=>"R62SwfeDgkoaUOoqgV5Uct93VJ/4dD1eWik8LbpH+IZMin9MtjVLTtQa3JdshbY84I1mp6Z2PilDY4w3kgJ17A==", "word"=>{"conjunction"=>"ã•ã‚‰ã«"}, "commit"=>"Create Word"}
  [1m[36m (0.2ms)[0m  [1mbegin transaction[0m
  [1m[35mSQL (0.8ms)[0m  INSERT INTO "words" ("conjunction", "created_at", "updated_at") VALUES (?, ?, ?)  [["conjunction", "ã•ã‚‰ã«"], ["created_at", "2016-03-06 07:23:10.123929"], ["updated_at", "2016-03-06 07:23:10.123929"]]
  [1m[36m (26.9ms)[0m  [1mcommit transaction[0m
Redirected to https://get-setsuzokushi-hirofumikajiwara-2.c9users.io/words/1
Completed 302 Found in 45ms (ActiveRecord: 27.9ms)


Started GET "/words/1" for 111.86.194.111 at 2016-03-06 07:23:10 +0000
Processing by WordsController#show as HTML
  Parameters: {"id"=>"1"}
  [1m[35mWord Load (0.4ms)[0m  SELECT  "words".* FROM "words" WHERE "words"."id" = ? LIMIT 1  [["id", 1]]
  Rendered words/show.html.erb within layouts/application (1.5ms)
Completed 200 OK in 160ms (Views: 103.7ms | ActiveRecord: 0.4ms)


Started GET "/words" for 111.86.194.111 at 2016-03-06 07:23:18 +0000
Processing by WordsController#index as HTML
  [1m[36mWord Load (0.4ms)[0m  [1mSELECT "words".* FROM "words"[0m
  Rendered words/index.html.erb within layouts/application (4.1ms)
Completed 200 OK in 74ms (Views: 72.7ms | ActiveRecord: 0.4ms)


Started GET "/words/new" for 111.86.194.111 at 2016-03-06 07:23:23 +0000
Processing by WordsController#new as HTML
  Rendered words/_form.html.erb (2.3ms)
  Rendered words/new.html.erb within layouts/application (11.4ms)
Completed 200 OK in 94ms (Views: 92.5ms | ActiveRecord: 0.0ms)


Started POST "/words" for 111.86.194.111 at 2016-03-06 07:23:32 +0000
Processing by WordsController#create as HTML
  Parameters: {"utf8"=>"âœ“", "authenticity_token"=>"voc5KfpXpJP+3HBX1YyVdYdJCuha5xqH/lVWnT+ltsi1oNSku+FtlzCWRuo4V3c7uLM40ATlGfDnH+aHF+A7og==", "word"=>{"conjunction"=>"é€†ã«"}, "commit"=>"Create Word"}
  [1m[35m (0.3ms)[0m  begin transaction
  [1m[36mSQL (0.4ms)[0m  [1mINSERT INTO "words" ("conjunction", "created_at", "updated_at") VALUES (?, ?, ?)[0m  [["conjunction", "é€†ã«"], ["created_at", "2016-03-06 07:23:32.119267"], ["updated_at", "2016-03-06 07:23:32.119267"]]
  [1m[35m (12.1ms)[0m  commit transaction
Redirected to https://get-setsuzokushi-hirofumikajiwara-2.c9users.io/words/2
Completed 302 Found in 20ms (ActiveRecord: 12.8ms)


Started GET "/words/2" for 111.86.194.111 at 2016-03-06 07:23:32 +0000
Processing by WordsController#show as HTML
  Parameters: {"id"=>"2"}
  [1m[36mWord Load (0.3ms)[0m  [1mSELECT  "words".* FROM "words" WHERE "words"."id" = ? LIMIT 1[0m  [["id", 2]]
  Rendered words/show.html.erb within layouts/application (1.1ms)
Completed 200 OK in 99ms (Views: 96.4ms | ActiveRecord: 0.3ms)


Started GET "/words" for 111.86.194.111 at 2016-03-06 07:23:34 +0000
Processing by WordsController#index as HTML
  [1m[35mWord Load (0.3ms)[0m  SELECT "words".* FROM "words"
  Rendered words/index.html.erb within layouts/application (2.6ms)
Completed 200 OK in 83ms (Views: 81.4ms | ActiveRecord: 0.3ms)


Started GET "/words/1" for 111.86.194.111 at 2016-03-06 07:26:32 +0000
Processing by WordsController#show as HTML
  Parameters: {"id"=>"1"}
  [1m[36mWord Load (0.3ms)[0m  [1mSELECT  "words".* FROM "words" WHERE "words"."id" = ? LIMIT 1[0m  [["id", 1]]
  Rendered words/show.html.erb within layouts/application (3.9ms)
Completed 200 OK in 86ms (Views: 81.6ms | ActiveRecord: 0.3ms)


Started GET "/words" for 111.86.194.111 at 2016-03-06 07:26:35 +0000
Processing by WordsController#index as HTML
  [1m[35mWord Load (0.4ms)[0m  SELECT "words".* FROM "words"
  Rendered words/index.html.erb within layouts/application (3.7ms)
Completed 200 OK in 77ms (Views: 75.1ms | ActiveRecord: 0.4ms)


Started GET "/" for 111.86.194.111 at 2016-03-06 07:33:19 +0000
  [1m[36mActiveRecord::SchemaMigration Load (0.2ms)[0m  [1mSELECT "schema_migrations".* FROM "schema_migrations"[0m
Processing by StaticPagesController#home as HTML
  Rendered static_pages/home.html.erb within layouts/application (11.8ms)
Completed 200 OK in 305ms (Views: 291.2ms | ActiveRecord: 0.0ms)


Started GET "/words/1" for 111.86.194.111 at 2016-03-06 07:33:26 +0000
Processing by WordsController#show as HTML
  Parameters: {"id"=>"1"}
  [1m[35mWord Load (0.4ms)[0m  SELECT  "words".* FROM "words" WHERE "words"."id" = ? LIMIT 1  [["id", 1]]
  Rendered words/show.html.erb within layouts/application (1.4ms)
Completed 200 OK in 133ms (Views: 88.4ms | ActiveRecord: 1.6ms)


Started GET "/words" for 111.86.194.111 at 2016-03-06 07:33:31 +0000
Processing by WordsController#index as HTML
  [1m[36mWord Load (0.3ms)[0m  [1mSELECT "words".* FROM "words"[0m
  Rendered words/index.html.erb within layouts/application (55.2ms)
Completed 200 OK in 113ms (Views: 111.6ms | ActiveRecord: 0.3ms)


Started DELETE "/words/1" for 111.86.194.111 at 2016-03-06 07:33:41 +0000
Processing by WordsController#destroy as HTML
  Parameters: {"authenticity_token"=>"DC1v4lh7CbLglPVrByEFWw6Tw0xMI9p6n890UHXcnuQHCoJvGc3Ati7ew9bq+ucVMWnxdBIh2Q2GhcRKXZkTjg==", "id"=>"1"}
  [1m[35mWord Load (0.2ms)[0m  SELECT  "words".* FROM "words" WHERE "words"."id" = ? LIMIT 1  [["id", 1]]
  [1m[36m (0.1ms)[0m  [1mbegin transaction[0m
  [1m[35mSQL (0.5ms)[0m  DELETE FROM "words" WHERE "words"."id" = ?  [["id", 1]]
  [1m[36m (12.9ms)[0m  [1mcommit transaction[0m
Redirected to https://get-setsuzokushi-hirofumikajiwara-2.c9users.io/words
Completed 302 Found in 18ms (ActiveRecord: 13.8ms)


Started GET "/words" for 111.86.194.111 at 2016-03-06 07:33:41 +0000
Processing by WordsController#index as HTML
  [1m[35mWord Load (0.3ms)[0m  SELECT "words".* FROM "words"
  Rendered words/index.html.erb within layouts/application (3.5ms)
Completed 200 OK in 89ms (Views: 87.0ms | ActiveRecord: 0.3ms)


Started GET "/words/2" for 111.86.194.111 at 2016-03-06 07:33:44 +0000
Processing by WordsController#show as HTML
  Parameters: {"id"=>"2"}
  [1m[36mWord Load (1.2ms)[0m  [1mSELECT  "words".* FROM "words" WHERE "words"."id" = ? LIMIT 1[0m  [["id", 2]]
  Rendered words/show.html.erb within layouts/application (1.8ms)
Completed 200 OK in 73ms (Views: 71.0ms | ActiveRecord: 1.2ms)


Started GET "/words" for 111.86.194.111 at 2016-03-06 07:33:48 +0000
Processing by WordsController#index as HTML
  [1m[35mWord Load (0.3ms)[0m  SELECT "words".* FROM "words"
  Rendered words/index.html.erb within layouts/application (2.7ms)
Completed 200 OK in 71ms (Views: 68.9ms | ActiveRecord: 0.3ms)


Started GET "/words/new" for 111.86.194.111 at 2016-03-06 07:33:49 +0000
Processing by WordsController#new as HTML
  Rendered words/_form.html.erb (58.2ms)
  Rendered words/new.html.erb within layouts/application (75.6ms)
Completed 200 OK in 132ms (Views: 130.6ms | ActiveRecord: 0.0ms)


Started POST "/words" for 111.86.194.111 at 2016-03-06 07:33:57 +0000
Processing by WordsController#create as HTML
  Parameters: {"utf8"=>"âœ“", "authenticity_token"=>"Ouxm63HSkaEVL3yM5vdrTUczR8cy2SEK7ApAW1n6VAYxy4tmMGRYpdtlSjELLIkDeMl1/2zbIn31QPBBcb/ZbA==", "word"=>{"conjunction"=>"ã•ã‚‰ã«"}, "commit"=>"Create Word"}
  [1m[36m (0.1ms)[0m  [1mbegin transaction[0m
  [1m[35mSQL (0.4ms)[0m  INSERT INTO "words" ("conjunction", "created_at", "updated_at") VALUES (?, ?, ?)  [["conjunction", "ã•ã‚‰ã«"], ["created_at", "2016-03-06 07:33:57.473131"], ["updated_at", "2016-03-06 07:33:57.473131"]]
  [1m[36m (12.2ms)[0m  [1mcommit transaction[0m
Redirected to https://get-setsuzokushi-hirofumikajiwara-2.c9users.io/words/3
Completed 302 Found in 18ms (ActiveRecord: 12.8ms)


Started GET "/words/3" for 111.86.194.111 at 2016-03-06 07:33:57 +0000
Processing by WordsController#show as HTML
  Parameters: {"id"=>"3"}
  [1m[35mWord Load (0.2ms)[0m  SELECT  "words".* FROM "words" WHERE "words"."id" = ? LIMIT 1  [["id", 3]]
  Rendered words/show.html.erb within layouts/application (0.6ms)
Completed 200 OK in 59ms (Views: 56.9ms | ActiveRecord: 0.2ms)


Started GET "/words" for 111.86.194.111 at 2016-03-06 07:34:00 +0000
Processing by WordsController#index as HTML
  [1m[36mWord Load (0.3ms)[0m  [1mSELECT "words".* FROM "words"[0m
  Rendered words/index.html.erb within layouts/application (3.0ms)
Completed 200 OK in 58ms (Views: 57.0ms | ActiveRecord: 0.3ms)


Started GET "/words/3" for 111.86.194.111 at 2016-03-06 07:34:03 +0000
Processing by WordsController#show as HTML
  Parameters: {"id"=>"3"}
  [1m[35mWord Load (0.3ms)[0m  SELECT  "words".* FROM "words" WHERE "words"."id" = ? LIMIT 1  [["id", 3]]
  Rendered words/show.html.erb within layouts/application (0.6ms)
Completed 200 OK in 45ms (Views: 43.7ms | ActiveRecord: 0.3ms)


Started GET "/words" for 111.86.194.111 at 2016-03-06 07:34:06 +0000
Processing by WordsController#index as HTML
  [1m[36mWord Load (0.5ms)[0m  [1mSELECT "words".* FROM "words"[0m
  Rendered words/index.html.erb within layouts/application (2.9ms)
Completed 200 OK in 69ms (Views: 67.4ms | ActiveRecord: 0.5ms)


Started GET "/words" for 111.86.194.111 at 2016-03-06 07:42:39 +0000
  [1m[36mActiveRecord::SchemaMigration Load (0.2ms)[0m  [1mSELECT "schema_migrations".* FROM "schema_migrations"[0m
Processing by WordsController#index as HTML
  [1m[35mWord Load (0.3ms)[0m  SELECT "words".* FROM "words"
  Rendered words/index.html.erb within layouts/application (26.3ms)
Completed 200 OK in 345ms (Views: 322.1ms | ActiveRecord: 0.8ms)


Started GET "/assets/scaffolds.self-d2e5ccad1506299feea3a35bfb7c525e101bb3b214303715deb675fdc539948b.css?body=1" for 111.86.194.111 at 2016-03-06 07:42:40 +0000


Started GET "/assets/static_pages.self-e3b0c44298fc1c149afbf4c8996fb92427ae41e4649b934ca495991b7852b855.css?body=1" for 111.86.194.111 at 2016-03-06 07:42:40 +0000


Started GET "/assets/words.self-e3b0c44298fc1c149afbf4c8996fb92427ae41e4649b934ca495991b7852b855.css?body=1" for 111.86.194.111 at 2016-03-06 07:42:40 +0000


Started GET "/assets/application.self-e80e8f2318043e8af94dddc2adad5a4f09739a8ebb323b3ab31cd71d45fd9113.css?body=1" for 111.86.194.111 at 2016-03-06 07:42:40 +0000


Started GET "/assets/jquery.self-d03a5518f45df77341bdbe6201ba3bfa547ebba8ed64f0ea56bfa5f96ea7c074.js?body=1" for 111.86.194.111 at 2016-03-06 07:42:41 +0000


Started GET "/assets/jquery_ujs.self-8e98a7a072a6cee1372d19fff9ff3e6aa1e39a37d89d6f06861637d061113ee7.js?body=1" for 111.86.194.111 at 2016-03-06 07:42:41 +0000


Started GET "/assets/turbolinks.self-c846e670826600e8c91b1a5ada3e6547110d996cd6ff24cde55024f7a135a1b4.js?body=1" for 111.86.194.111 at 2016-03-06 07:42:41 +0000


Started GET "/assets/static_pages.self-877aef30ae1b040ab8a3aba4e3e309a11d7f2612f44dde450b5c157aa5f95c05.js?body=1" for 111.86.194.111 at 2016-03-06 07:42:41 +0000


Started GET "/assets/words.self-877aef30ae1b040ab8a3aba4e3e309a11d7f2612f44dde450b5c157aa5f95c05.js?body=1" for 111.86.194.111 at 2016-03-06 07:42:41 +0000


Started GET "/assets/application.self-3b8dabdc891efe46b9a144b400ad69e37d7e5876bdc39dee783419a69d7ca819.js?body=1" for 111.86.194.111 at 2016-03-06 07:42:41 +0000


Started GET "/words/new" for 111.86.194.111 at 2016-03-06 07:42:44 +0000
Processing by WordsController#new as HTML
  Rendered words/_form.html.erb (48.9ms)
  Rendered words/new.html.erb within layouts/application (61.1ms)
Completed 200 OK in 117ms (Views: 115.8ms | ActiveRecord: 0.0ms)


Started POST "/words" for 111.86.194.111 at 2016-03-06 07:42:55 +0000
Processing by WordsController#create as HTML
  Parameters: {"utf8"=>"âœ“", "authenticity_token"=>"LLN3+UrGUKmLalXkOEyaUNSFcDnkJxTSIoZIY1G9QdsnlJp0C3CZrUUgY1nVl3ge639CAbolF6U7zPh5efjMsQ==", "word"=>{"conjunction"=>"ï¼‘ï¼’ï¼“ï¼”ï¼•ï¼–ï¼—ï¼˜ï¼™ï¼ï¼‘"}, "commit"=>"Create Word"}
  [1m[36m (0.1ms)[0m  [1mbegin transaction[0m
  [1m[35m (0.1ms)[0m  rollback transaction
  Rendered words/_form.html.erb (5.5ms)
  Rendered words/new.html.erb within layouts/application (9.7ms)
Completed 200 OK in 88ms (Views: 81.1ms | ActiveRecord: 0.2ms)


Started POST "/words" for 111.86.194.111 at 2016-03-06 07:43:06 +0000
Processing by WordsController#create as HTML
  Parameters: {"utf8"=>"âœ“", "authenticity_token"=>"Wj+YIxhqj/yS7giB2wXsMRkgg/GlXiaZcKtEr6V7FAdRGHWuWdxG+FykPjw23g5/JtqxyftcJe5p4fS1jT6ZbQ==", "word"=>{"conjunction"=>"ï¼‘ï¼’ï¼“ï¼”ï¼•ï¼–ï¼—ï¼˜ï¼™ï¼"}, "commit"=>"Create Word"}
  [1m[36m (0.1ms)[0m  [1mbegin transaction[0m
  [1m[35mSQL (0.7ms)[0m  INSERT INTO "words" ("conjunction", "created_at", "updated_at") VALUES (?, ?, ?)  [["conjunction", "ï¼‘ï¼’ï¼“ï¼”ï¼•ï¼–ï¼—ï¼˜ï¼™ï¼"], ["created_at", "2016-03-06 07:43:06.696960"], ["updated_at", "2016-03-06 07:43:06.696960"]]
  [1m[36m (14.0ms)[0m  [1mcommit transaction[0m
Redirected to https://get-setsuzokushi-hirofumikajiwara-2.c9users.io/words/4
Completed 302 Found in 31ms (ActiveRecord: 14.7ms)


Started GET "/words/4" for 111.86.194.111 at 2016-03-06 07:43:06 +0000
Processing by WordsController#show as HTML
  Parameters: {"id"=>"4"}
  [1m[35mWord Load (0.4ms)[0m  SELECT  "words".* FROM "words" WHERE "words"."id" = ? LIMIT 1  [["id", 4]]
  Rendered words/show.html.erb within layouts/application (1.7ms)
Completed 200 OK in 99ms (Views: 77.4ms | ActiveRecord: 0.4ms)


Started GET "/words" for 111.86.194.111 at 2016-03-06 07:43:10 +0000
Processing by WordsController#index as HTML
  [1m[36mWord Load (0.3ms)[0m  [1mSELECT "words".* FROM "words"[0m
  Rendered words/index.html.erb within layouts/application (3.4ms)
Completed 200 OK in 51ms (Views: 49.7ms | ActiveRecord: 0.3ms)


Started DELETE "/words/4" for 111.86.194.111 at 2016-03-06 07:43:15 +0000
Processing by WordsController#destroy as HTML
  Parameters: {"authenticity_token"=>"KuroZ7RvHue+4keZo93xr+vyCUATeQnPtNXzIImgX+shzQXq9dnX43CocSROBhPh1Ag7eE17Critn0M6oeXSgQ==", "id"=>"4"}
  [1m[35mWord Load (0.2ms)[0m  SELECT  "words".* FROM "words" WHERE "words"."id" = ? LIMIT 1  [["id", 4]]
  [1m[36m (0.1ms)[0m  [1mbegin transaction[0m
  [1m[35mSQL (0.5ms)[0m  DELETE FROM "words" WHERE "words"."id" = ?  [["id", 4]]
  [1m[36m (10.6ms)[0m  [1mcommit transaction[0m
Redirected to https://get-setsuzokushi-hirofumikajiwara-2.c9users.io/words
Completed 302 Found in 16ms (ActiveRecord: 11.3ms)


Started GET "/words" for 111.86.194.111 at 2016-03-06 07:43:15 +0000
Processing by WordsController#index as HTML
  [1m[35mWord Load (0.4ms)[0m  SELECT "words".* FROM "words"
  Rendered words/index.html.erb within layouts/application (3.0ms)
Completed 200 OK in 81ms (Views: 79.0ms | ActiveRecord: 0.4ms)


Started GET "/words/new" for 111.86.194.111 at 2016-03-06 07:47:10 +0000
Processing by WordsController#new as HTML
  Rendered words/_form.html.erb (2.8ms)
  Rendered words/new.html.erb within layouts/application (7.5ms)
Completed 200 OK in 73ms (Views: 59.5ms | ActiveRecord: 1.4ms)


Started POST "/words" for 111.86.194.111 at 2016-03-06 07:47:12 +0000
Processing by WordsController#create as HTML
  Parameters: {"utf8"=>"âœ“", "authenticity_token"=>"QE/EO/ygWfhnkdIBsjSt2pwssP9nr7sc7x75lRYtkblLaCm2vRaQ/Knb5Lxf70+Uo9aCxzmtuGv2VEmPPmgc0w==", "word"=>{"conjunction"=>""}, "commit"=>"Create Word"}
  [1m[36m (0.1ms)[0m  [1mbegin transaction[0m
  [1m[35m (0.1ms)[0m  rollback transaction
  Rendered words/_form.html.erb (2.6ms)
  Rendered words/new.html.erb within layouts/application (5.8ms)
Completed 200 OK in 67ms (Views: 61.9ms | ActiveRecord: 0.2ms)


Started POST "/words" for 111.86.194.111 at 2016-03-06 07:47:33 +0000
Processing by WordsController#create as HTML
  Parameters: {"utf8"=>"âœ“", "authenticity_token"=>"HVSaPHud7SBAJHpj5lF5GEvyZYr2sOVYJK+4ZBBnogEWc3exOiskJI5uTN4LiptWdAhXsqiy5i895Qh+OCIvaw==", "word"=>{"conjunction"=>"æœ€åˆã¯"}, "commit"=>"Create Word"}
  [1m[36m (0.3ms)[0m  [1mbegin transaction[0m
  [1m[35mSQL (0.6ms)[0m  INSERT INTO "words" ("conjunction", "created_at", "updated_at") VALUES (?, ?, ?)  [["conjunction", "æœ€åˆã¯"], ["created_at", "2016-03-06 07:47:33.153553"], ["updated_at", "2016-03-06 07:47:33.153553"]]
  [1m[36m (16.2ms)[0m  [1mcommit transaction[0m
Redirected to https://get-setsuzokushi-hirofumikajiwara-2.c9users.io/words/5
Completed 302 Found in 27ms (ActiveRecord: 17.1ms)


Started GET "/words/5" for 111.86.194.111 at 2016-03-06 07:47:33 +0000
Processing by WordsController#show as HTML
  Parameters: {"id"=>"5"}
  [1m[35mWord Load (0.4ms)[0m  SELECT  "words".* FROM "words" WHERE "words"."id" = ? LIMIT 1  [["id", 5]]
  Rendered words/show.html.erb within layouts/application (0.7ms)
Completed 200 OK in 75ms (Views: 71.9ms | ActiveRecord: 0.4ms)


Started GET "/words" for 111.86.194.111 at 2016-03-06 07:47:37 +0000
Processing by WordsController#index as HTML
  [1m[36mWord Load (0.5ms)[0m  [1mSELECT "words".* FROM "words"[0m
  Rendered words/index.html.erb within layouts/application (5.1ms)
Completed 200 OK in 133ms (Views: 131.3ms | ActiveRecord: 0.5ms)


Started GET "/words" for 111.86.194.111 at 2016-03-06 11:13:41 +0000
  [1m[36mActiveRecord::SchemaMigration Load (0.2ms)[0m  [1mSELECT "schema_migrations".* FROM "schema_migrations"[0m
Processing by WordsController#index as HTML
  [1m[35mWord Load (0.3ms)[0m  SELECT "words".* FROM "words"
  Rendered words/index.html.erb within layouts/application (17.4ms)
Completed 200 OK in 363ms (Views: 343.3ms | ActiveRecord: 0.8ms)


Started GET "/words/2" for 111.86.194.111 at 2016-03-06 11:13:45 +0000
Processing by WordsController#show as HTML
  Parameters: {"id"=>"2"}
  [1m[36mWord Load (0.3ms)[0m  [1mSELECT  "words".* FROM "words" WHERE "words"."id" = ? LIMIT 1[0m  [["id", 2]]
  [1m[35mWord Load (0.3ms)[0m  SELECT  "words".* FROM "words"  ORDER BY RANDOM() LIMIT 1
  Rendered words/show.html.erb within layouts/application (0.9ms)
Completed 200 OK in 95ms (Views: 74.4ms | ActiveRecord: 0.6ms)


Started GET "/words/2" for 111.86.194.111 at 2016-03-06 11:13:52 +0000
Processing by WordsController#show as HTML
  Parameters: {"id"=>"2"}
  [1m[36mWord Load (0.2ms)[0m  [1mSELECT  "words".* FROM "words" WHERE "words"."id" = ? LIMIT 1[0m  [["id", 2]]
  [1m[35mWord Load (0.3ms)[0m  SELECT  "words".* FROM "words"  ORDER BY RANDOM() LIMIT 1
  Rendered words/show.html.erb within layouts/application (1.1ms)
Completed 200 OK in 49ms (Views: 46.3ms | ActiveRecord: 0.5ms)


Started GET "/assets/scaffolds.self-d2e5ccad1506299feea3a35bfb7c525e101bb3b214303715deb675fdc539948b.css?body=1" for 111.86.194.111 at 2016-03-06 11:13:52 +0000


Started GET "/assets/static_pages.self-e3b0c44298fc1c149afbf4c8996fb92427ae41e4649b934ca495991b7852b855.css?body=1" for 111.86.194.111 at 2016-03-06 11:13:52 +0000


Started GET "/assets/words.self-e3b0c44298fc1c149afbf4c8996fb92427ae41e4649b934ca495991b7852b855.css?body=1" for 111.86.194.111 at 2016-03-06 11:13:52 +0000


Started GET "/assets/application.self-e80e8f2318043e8af94dddc2adad5a4f09739a8ebb323b3ab31cd71d45fd9113.css?body=1" for 111.86.194.111 at 2016-03-06 11:13:52 +0000


Started GET "/assets/jquery.self-d03a5518f45df77341bdbe6201ba3bfa547ebba8ed64f0ea56bfa5f96ea7c074.js?body=1" for 111.86.194.111 at 2016-03-06 11:13:52 +0000


Started GET "/assets/jquery_ujs.self-8e98a7a072a6cee1372d19fff9ff3e6aa1e39a37d89d6f06861637d061113ee7.js?body=1" for 111.86.194.111 at 2016-03-06 11:13:53 +0000


Started GET "/assets/turbolinks.self-c846e670826600e8c91b1a5ada3e6547110d996cd6ff24cde55024f7a135a1b4.js?body=1" for 111.86.194.111 at 2016-03-06 11:13:53 +0000


Started GET "/assets/static_pages.self-877aef30ae1b040ab8a3aba4e3e309a11d7f2612f44dde450b5c157aa5f95c05.js?body=1" for 111.86.194.111 at 2016-03-06 11:13:53 +0000


Started GET "/assets/words.self-877aef30ae1b040ab8a3aba4e3e309a11d7f2612f44dde450b5c157aa5f95c05.js?body=1" for 111.86.194.111 at 2016-03-06 11:13:53 +0000


Started GET "/assets/application.self-3b8dabdc891efe46b9a144b400ad69e37d7e5876bdc39dee783419a69d7ca819.js?body=1" for 111.86.194.111 at 2016-03-06 11:13:53 +0000


Started GET "/words/2" for 111.86.194.111 at 2016-03-06 11:13:54 +0000
Processing by WordsController#show as HTML
  Parameters: {"id"=>"2"}
  [1m[36mWord Load (0.2ms)[0m  [1mSELECT  "words".* FROM "words" WHERE "words"."id" = ? LIMIT 1[0m  [["id", 2]]
  [1m[35mWord Load (0.3ms)[0m  SELECT  "words".* FROM "words"  ORDER BY RANDOM() LIMIT 1
  Rendered words/show.html.erb within layouts/application (0.5ms)
Completed 200 OK in 81ms (Views: 77.6ms | ActiveRecord: 0.5ms)


Started GET "/assets/scaffolds.self-d2e5ccad1506299feea3a35bfb7c525e101bb3b214303715deb675fdc539948b.css?body=1" for 111.86.194.111 at 2016-03-06 11:13:55 +0000


Started GET "/assets/static_pages.self-e3b0c44298fc1c149afbf4c8996fb92427ae41e4649b934ca495991b7852b855.css?body=1" for 111.86.194.111 at 2016-03-06 11:13:55 +0000


Started GET "/assets/words.self-e3b0c44298fc1c149afbf4c8996fb92427ae41e4649b934ca495991b7852b855.css?body=1" for 111.86.194.111 at 2016-03-06 11:13:55 +0000


Started GET "/assets/application.self-e80e8f2318043e8af94dddc2adad5a4f09739a8ebb323b3ab31cd71d45fd9113.css?body=1" for 111.86.194.111 at 2016-03-06 11:13:55 +0000


Started GET "/assets/jquery.self-d03a5518f45df77341bdbe6201ba3bfa547ebba8ed64f0ea56bfa5f96ea7c074.js?body=1" for 111.86.194.111 at 2016-03-06 11:13:55 +0000


Started GET "/assets/jquery_ujs.self-8e98a7a072a6cee1372d19fff9ff3e6aa1e39a37d89d6f06861637d061113ee7.js?body=1" for 111.86.194.111 at 2016-03-06 11:13:55 +0000


Started GET "/assets/turbolinks.self-c846e670826600e8c91b1a5ada3e6547110d996cd6ff24cde55024f7a135a1b4.js?body=1" for 111.86.194.111 at 2016-03-06 11:13:55 +0000


Started GET "/assets/static_pages.self-877aef30ae1b040ab8a3aba4e3e309a11d7f2612f44dde450b5c157aa5f95c05.js?body=1" for 111.86.194.111 at 2016-03-06 11:13:55 +0000


Started GET "/assets/words.self-877aef30ae1b040ab8a3aba4e3e309a11d7f2612f44dde450b5c157aa5f95c05.js?body=1" for 111.86.194.111 at 2016-03-06 11:13:55 +0000


Started GET "/assets/application.self-3b8dabdc891efe46b9a144b400ad69e37d7e5876bdc39dee783419a69d7ca819.js?body=1" for 111.86.194.111 at 2016-03-06 11:13:55 +0000


Started GET "/words/2" for 111.86.194.111 at 2016-03-06 11:13:56 +0000
Processing by WordsController#show as HTML
  Parameters: {"id"=>"2"}
  [1m[36mWord Load (0.3ms)[0m  [1mSELECT  "words".* FROM "words" WHERE "words"."id" = ? LIMIT 1[0m  [["id", 2]]
  [1m[35mWord Load (0.4ms)[0m  SELECT  "words".* FROM "words"  ORDER BY RANDOM() LIMIT 1
  Rendered words/show.html.erb within layouts/application (0.8ms)
Completed 200 OK in 62ms (Views: 58.2ms | ActiveRecord: 0.6ms)


Started GET "/assets/scaffolds.self-d2e5ccad1506299feea3a35bfb7c525e101bb3b214303715deb675fdc539948b.css?body=1" for 111.86.194.111 at 2016-03-06 11:13:57 +0000


Started GET "/assets/static_pages.self-e3b0c44298fc1c149afbf4c8996fb92427ae41e4649b934ca495991b7852b855.css?body=1" for 111.86.194.111 at 2016-03-06 11:13:57 +0000


Started GET "/assets/words.self-e3b0c44298fc1c149afbf4c8996fb92427ae41e4649b934ca495991b7852b855.css?body=1" for 111.86.194.111 at 2016-03-06 11:13:57 +0000


Started GET "/assets/application.self-e80e8f2318043e8af94dddc2adad5a4f09739a8ebb323b3ab31cd71d45fd9113.css?body=1" for 111.86.194.111 at 2016-03-06 11:13:57 +0000


Started GET "/assets/jquery.self-d03a5518f45df77341bdbe6201ba3bfa547ebba8ed64f0ea56bfa5f96ea7c074.js?body=1" for 111.86.194.111 at 2016-03-06 11:13:57 +0000


Started GET "/assets/jquery_ujs.self-8e98a7a072a6cee1372d19fff9ff3e6aa1e39a37d89d6f06861637d061113ee7.js?body=1" for 111.86.194.111 at 2016-03-06 11:13:57 +0000


Started GET "/assets/turbolinks.self-c846e670826600e8c91b1a5ada3e6547110d996cd6ff24cde55024f7a135a1b4.js?body=1" for 111.86.194.111 at 2016-03-06 11:13:57 +0000


Started GET "/assets/static_pages.self-877aef30ae1b040ab8a3aba4e3e309a11d7f2612f44dde450b5c157aa5f95c05.js?body=1" for 111.86.194.111 at 2016-03-06 11:13:57 +0000


Started GET "/assets/words.self-877aef30ae1b040ab8a3aba4e3e309a11d7f2612f44dde450b5c157aa5f95c05.js?body=1" for 111.86.194.111 at 2016-03-06 11:13:57 +0000


Started GET "/assets/application.self-3b8dabdc891efe46b9a144b400ad69e37d7e5876bdc39dee783419a69d7ca819.js?body=1" for 111.86.194.111 at 2016-03-06 11:13:57 +0000


Started GET "/words/2" for 111.86.194.111 at 2016-03-06 11:13:58 +0000
Processing by WordsController#show as HTML
  Parameters: {"id"=>"2"}
  [1m[36mWord Load (0.5ms)[0m  [1mSELECT  "words".* FROM "words" WHERE "words"."id" = ? LIMIT 1[0m  [["id", 2]]
  [1m[35mWord Load (0.4ms)[0m  SELECT  "words".* FROM "words"  ORDER BY RANDOM() LIMIT 1
  Rendered words/show.html.erb within layouts/application (0.9ms)
Completed 200 OK in 196ms (Views: 192.7ms | ActiveRecord: 0.8ms)


Started GET "/assets/scaffolds.self-d2e5ccad1506299feea3a35bfb7c525e101bb3b214303715deb675fdc539948b.css?body=1" for 111.86.194.111 at 2016-03-06 11:13:59 +0000


Started GET "/assets/static_pages.self-e3b0c44298fc1c149afbf4c8996fb92427ae41e4649b934ca495991b7852b855.css?body=1" for 111.86.194.111 at 2016-03-06 11:13:59 +0000


Started GET "/assets/words.self-e3b0c44298fc1c149afbf4c8996fb92427ae41e4649b934ca495991b7852b855.css?body=1" for 111.86.194.111 at 2016-03-06 11:13:59 +0000


Started GET "/assets/application.self-e80e8f2318043e8af94dddc2adad5a4f09739a8ebb323b3ab31cd71d45fd9113.css?body=1" for 111.86.194.111 at 2016-03-06 11:13:59 +0000


Started GET "/assets/jquery.self-d03a5518f45df77341bdbe6201ba3bfa547ebba8ed64f0ea56bfa5f96ea7c074.js?body=1" for 111.86.194.111 at 2016-03-06 11:13:59 +0000


Started GET "/assets/jquery_ujs.self-8e98a7a072a6cee1372d19fff9ff3e6aa1e39a37d89d6f06861637d061113ee7.js?body=1" for 111.86.194.111 at 2016-03-06 11:13:59 +0000


Started GET "/assets/turbolinks.self-c846e670826600e8c91b1a5ada3e6547110d996cd6ff24cde55024f7a135a1b4.js?body=1" for 111.86.194.111 at 2016-03-06 11:13:59 +0000


Started GET "/assets/static_pages.self-877aef30ae1b040ab8a3aba4e3e309a11d7f2612f44dde450b5c157aa5f95c05.js?body=1" for 111.86.194.111 at 2016-03-06 11:13:59 +0000


Started GET "/assets/words.self-877aef30ae1b040ab8a3aba4e3e309a11d7f2612f44dde450b5c157aa5f95c05.js?body=1" for 111.86.194.111 at 2016-03-06 11:13:59 +0000


Started GET "/assets/application.self-3b8dabdc891efe46b9a144b400ad69e37d7e5876bdc39dee783419a69d7ca819.js?body=1" for 111.86.194.111 at 2016-03-06 11:13:59 +0000


Started GET "/assets/scaffolds.self-d2e5ccad1506299feea3a35bfb7c525e101bb3b214303715deb675fdc539948b.css?body=1" for 111.86.194.111 at 2016-03-06 11:18:57 +0000


Started GET "/assets/static_pages.self-e3b0c44298fc1c149afbf4c8996fb92427ae41e4649b934ca495991b7852b855.css?body=1" for 111.86.194.111 at 2016-03-06 11:18:57 +0000


Started GET "/assets/application.self-e80e8f2318043e8af94dddc2adad5a4f09739a8ebb323b3ab31cd71d45fd9113.css?body=1" for 111.86.194.111 at 2016-03-06 11:18:57 +0000


Started GET "/assets/words.self-e3b0c44298fc1c149afbf4c8996fb92427ae41e4649b934ca495991b7852b855.css?body=1" for 111.86.194.111 at 2016-03-06 11:18:57 +0000


Started GET "/assets/application.self-e80e8f2318043e8af94dddc2adad5a4f09739a8ebb323b3ab31cd71d45fd9113.css?body=1" for 111.86.194.111 at 2016-03-06 11:19:40 +0000


Started GET "/assets/words.self-e3b0c44298fc1c149afbf4c8996fb92427ae41e4649b934ca495991b7852b855.css?body=1" for 111.86.194.111 at 2016-03-06 11:19:40 +0000


Started GET "/assets/scaffolds.self-d2e5ccad1506299feea3a35bfb7c525e101bb3b214303715deb675fdc539948b.css?body=1" for 111.86.194.111 at 2016-03-06 11:19:40 +0000


Started GET "/assets/static_pages.self-e3b0c44298fc1c149afbf4c8996fb92427ae41e4649b934ca495991b7852b855.css?body=1" for 111.86.194.111 at 2016-03-06 11:19:40 +0000


Started GET "/assets/scaffolds.self-d2e5ccad1506299feea3a35bfb7c525e101bb3b214303715deb675fdc539948b.css?body=1" for 111.86.194.111 at 2016-03-06 11:19:49 +0000


Started GET "/assets/static_pages.self-e3b0c44298fc1c149afbf4c8996fb92427ae41e4649b934ca495991b7852b855.css?body=1" for 111.86.194.111 at 2016-03-06 11:23:12 +0000


Started GET "/assets/words.self-e3b0c44298fc1c149afbf4c8996fb92427ae41e4649b934ca495991b7852b855.css?body=1" for 111.86.194.111 at 2016-03-06 11:23:12 +0000


Started GET "/assets/scaffolds.self-d2e5ccad1506299feea3a35bfb7c525e101bb3b214303715deb675fdc539948b.css?body=1" for 111.86.194.111 at 2016-03-06 11:23:12 +0000


Started GET "/assets/application.self-e80e8f2318043e8af94dddc2adad5a4f09739a8ebb323b3ab31cd71d45fd9113.css?body=1" for 111.86.194.111 at 2016-03-06 11:23:12 +0000


Started GET "/assets/scaffolds.self-d2e5ccad1506299feea3a35bfb7c525e101bb3b214303715deb675fdc539948b.css?body=1" for 111.86.194.111 at 2016-03-06 11:23:12 +0000


Started GET "/words/2" for 111.86.194.111 at 2016-03-06 11:27:39 +0000
Processing by WordsController#show as HTML
  Parameters: {"id"=>"2"}
  [1m[36mWord Load (0.3ms)[0m  [1mSELECT  "words".* FROM "words" WHERE "words"."id" = ? LIMIT 1[0m  [["id", 2]]
  [1m[35mWord Load (0.3ms)[0m  SELECT  "words".* FROM "words"  ORDER BY RANDOM() LIMIT 1
  Rendered words/show.html.erb within layouts/application (0.8ms)
Completed 200 OK in 81ms (Views: 76.8ms | ActiveRecord: 0.6ms)


Started GET "/assets/scaffolds.self-d2e5ccad1506299feea3a35bfb7c525e101bb3b214303715deb675fdc539948b.css?body=1" for 111.86.194.111 at 2016-03-06 11:27:39 +0000


Started GET "/assets/static_pages.self-e3b0c44298fc1c149afbf4c8996fb92427ae41e4649b934ca495991b7852b855.css?body=1" for 111.86.194.111 at 2016-03-06 11:27:40 +0000


Started GET "/assets/static_pages.self-e3b0c44298fc1c149afbf4c8996fb92427ae41e4649b934ca495991b7852b855.css?body=1" for 111.86.194.111 at 2016-03-06 11:27:41 +0000


Started GET "/assets/words.self-e3b0c44298fc1c149afbf4c8996fb92427ae41e4649b934ca495991b7852b855.css?body=1" for 111.86.194.111 at 2016-03-06 11:27:41 +0000


Started GET "/assets/words.self-e3b0c44298fc1c149afbf4c8996fb92427ae41e4649b934ca495991b7852b855.css?body=1" for 111.86.194.111 at 2016-03-06 11:27:41 +0000


Started GET "/assets/application.self-7a4e0dd7578e52385e4ccaad39d76689a4252adbe02ba7a24e827baba1ba3694.css?body=1" for 111.86.194.111 at 2016-03-06 11:27:41 +0000


Started GET "/assets/application.self-7a4e0dd7578e52385e4ccaad39d76689a4252adbe02ba7a24e827baba1ba3694.css?body=1" for 111.86.194.111 at 2016-03-06 11:27:41 +0000


Started GET "/assets/jquery.self-d03a5518f45df77341bdbe6201ba3bfa547ebba8ed64f0ea56bfa5f96ea7c074.js?body=1" for 111.86.194.111 at 2016-03-06 11:27:42 +0000


Started GET "/assets/jquery_ujs.self-8e98a7a072a6cee1372d19fff9ff3e6aa1e39a37d89d6f06861637d061113ee7.js?body=1" for 111.86.194.111 at 2016-03-06 11:27:42 +0000


Started GET "/assets/turbolinks.self-c846e670826600e8c91b1a5ada3e6547110d996cd6ff24cde55024f7a135a1b4.js?body=1" for 111.86.194.111 at 2016-03-06 11:27:43 +0000


Started GET "/assets/static_pages.self-877aef30ae1b040ab8a3aba4e3e309a11d7f2612f44dde450b5c157aa5f95c05.js?body=1" for 111.86.194.111 at 2016-03-06 11:27:43 +0000


Started GET "/assets/words.self-877aef30ae1b040ab8a3aba4e3e309a11d7f2612f44dde450b5c157aa5f95c05.js?body=1" for 111.86.194.111 at 2016-03-06 11:27:43 +0000


Started GET "/assets/application.self-3b8dabdc891efe46b9a144b400ad69e37d7e5876bdc39dee783419a69d7ca819.js?body=1" for 111.86.194.111 at 2016-03-06 11:27:43 +0000


Started GET "/words/2" for 111.86.194.111 at 2016-03-06 11:29:58 +0000
Processing by WordsController#show as HTML
  Parameters: {"id"=>"2"}
  [1m[36mWord Load (0.5ms)[0m  [1mSELECT  "words".* FROM "words" WHERE "words"."id" = ? LIMIT 1[0m  [["id", 2]]
  [1m[35mWord Load (0.4ms)[0m  SELECT  "words".* FROM "words"  ORDER BY RANDOM() LIMIT 1
  Rendered words/show.html.erb within layouts/application (1.0ms)
Completed 200 OK in 124ms (Views: 117.4ms | ActiveRecord: 0.9ms)


Started GET "/assets/scaffolds.self-d2e5ccad1506299feea3a35bfb7c525e101bb3b214303715deb675fdc539948b.css?body=1" for 111.86.194.111 at 2016-03-06 11:29:58 +0000


Started GET "/assets/static_pages.self-e3b0c44298fc1c149afbf4c8996fb92427ae41e4649b934ca495991b7852b855.css?body=1" for 111.86.194.111 at 2016-03-06 11:29:58 +0000


Started GET "/assets/words.self-e3b0c44298fc1c149afbf4c8996fb92427ae41e4649b934ca495991b7852b855.css?body=1" for 111.86.194.111 at 2016-03-06 11:29:59 +0000


Started GET "/assets/application.self-4cd41370209b170c2cfe62c52fd4beb06eb4b62da521ee1592f7c219584e6c57.css?body=1" for 111.86.194.111 at 2016-03-06 11:29:59 +0000


Started GET "/assets/application.self-4cd41370209b170c2cfe62c52fd4beb06eb4b62da521ee1592f7c219584e6c57.css?body=1" for 111.86.194.111 at 2016-03-06 11:29:59 +0000


Started GET "/assets/jquery.self-d03a5518f45df77341bdbe6201ba3bfa547ebba8ed64f0ea56bfa5f96ea7c074.js?body=1" for 111.86.194.111 at 2016-03-06 11:29:59 +0000


Started GET "/assets/jquery_ujs.self-8e98a7a072a6cee1372d19fff9ff3e6aa1e39a37d89d6f06861637d061113ee7.js?body=1" for 111.86.194.111 at 2016-03-06 11:29:59 +0000


Started GET "/assets/turbolinks.self-c846e670826600e8c91b1a5ada3e6547110d996cd6ff24cde55024f7a135a1b4.js?body=1" for 111.86.194.111 at 2016-03-06 11:29:59 +0000


Started GET "/assets/static_pages.self-877aef30ae1b040ab8a3aba4e3e309a11d7f2612f44dde450b5c157aa5f95c05.js?body=1" for 111.86.194.111 at 2016-03-06 11:30:00 +0000


Started GET "/assets/words.self-877aef30ae1b040ab8a3aba4e3e309a11d7f2612f44dde450b5c157aa5f95c05.js?body=1" for 111.86.194.111 at 2016-03-06 11:30:00 +0000


Started GET "/assets/application.self-3b8dabdc891efe46b9a144b400ad69e37d7e5876bdc39dee783419a69d7ca819.js?body=1" for 111.86.194.111 at 2016-03-06 11:30:00 +0000


Started GET "/" for 111.86.194.111 at 2016-03-06 11:31:02 +0000
Processing by StaticPagesController#home as HTML
  Rendered static_pages/home.html.erb within layouts/application (0.8ms)
Completed 200 OK in 50ms (Views: 49.0ms | ActiveRecord: 0.0ms)


Started GET "/words" for 111.86.194.111 at 2016-03-06 11:31:58 +0000
Processing by WordsController#index as HTML
  [1m[36mWord Load (0.6ms)[0m  [1mSELECT "words".* FROM "words"[0m
  Rendered words/index.html.erb within layouts/application (5.8ms)
Completed 200 OK in 64ms (Views: 61.5ms | ActiveRecord: 0.6ms)


Started GET "/words" for 111.86.194.111 at 2016-03-06 11:42:45 +0000
Processing by WordsController#index as HTML
  [1m[35mWord Load (0.4ms)[0m  SELECT "words".* FROM "words"
  Rendered words/index.html.erb within layouts/application (4.5ms)
Completed 200 OK in 60ms (Views: 57.5ms | ActiveRecord: 0.4ms)


Started GET "/assets/scaffolds.self-d2e5ccad1506299feea3a35bfb7c525e101bb3b214303715deb675fdc539948b.css?body=1" for 111.86.194.111 at 2016-03-06 11:42:45 +0000


Started GET "/assets/static_pages.self-e3b0c44298fc1c149afbf4c8996fb92427ae41e4649b934ca495991b7852b855.css?body=1" for 111.86.194.111 at 2016-03-06 11:42:45 +0000


Started GET "/assets/words.self-e3b0c44298fc1c149afbf4c8996fb92427ae41e4649b934ca495991b7852b855.css?body=1" for 111.86.194.111 at 2016-03-06 11:42:45 +0000


Started GET "/assets/application.self-6941d38919e34cc35570673649da4cee7fb7df183d97f97acda36913be583e5e.css?body=1" for 111.86.194.111 at 2016-03-06 11:42:45 +0000


Started GET "/assets/jquery.self-d03a5518f45df77341bdbe6201ba3bfa547ebba8ed64f0ea56bfa5f96ea7c074.js?body=1" for 111.86.194.111 at 2016-03-06 11:42:46 +0000


Started GET "/assets/jquery_ujs.self-8e98a7a072a6cee1372d19fff9ff3e6aa1e39a37d89d6f06861637d061113ee7.js?body=1" for 111.86.194.111 at 2016-03-06 11:42:46 +0000


Started GET "/assets/turbolinks.self-c846e670826600e8c91b1a5ada3e6547110d996cd6ff24cde55024f7a135a1b4.js?body=1" for 111.86.194.111 at 2016-03-06 11:42:46 +0000


Started GET "/assets/static_pages.self-877aef30ae1b040ab8a3aba4e3e309a11d7f2612f44dde450b5c157aa5f95c05.js?body=1" for 111.86.194.111 at 2016-03-06 11:42:46 +0000


Started GET "/assets/words.self-877aef30ae1b040ab8a3aba4e3e309a11d7f2612f44dde450b5c157aa5f95c05.js?body=1" for 111.86.194.111 at 2016-03-06 11:42:46 +0000


Started GET "/assets/application.self-3b8dabdc891efe46b9a144b400ad69e37d7e5876bdc39dee783419a69d7ca819.js?body=1" for 111.86.194.111 at 2016-03-06 11:42:46 +0000


Started GET "/words" for 111.86.194.111 at 2016-03-06 11:44:19 +0000
Processing by WordsController#index as HTML
  [1m[36mWord Load (0.9ms)[0m  [1mSELECT "words".* FROM "words"[0m
  Rendered words/index.html.erb within layouts/application (5.2ms)
Completed 200 OK in 88ms (Views: 85.3ms | ActiveRecord: 0.9ms)


Started GET "/assets/scaffolds.self-d2e5ccad1506299feea3a35bfb7c525e101bb3b214303715deb675fdc539948b.css?body=1" for 111.86.194.111 at 2016-03-06 11:44:19 +0000


Started GET "/assets/static_pages.self-e3b0c44298fc1c149afbf4c8996fb92427ae41e4649b934ca495991b7852b855.css?body=1" for 111.86.194.111 at 2016-03-06 11:44:20 +0000


Started GET "/assets/words.self-e3b0c44298fc1c149afbf4c8996fb92427ae41e4649b934ca495991b7852b855.css?body=1" for 111.86.194.111 at 2016-03-06 11:44:20 +0000


Started GET "/assets/application.self-6a74c31d3a468bb15356c6d30e797735988ccff2132b5d6a273f54bd407b73e1.css?body=1" for 111.86.194.111 at 2016-03-06 11:44:20 +0000


Started GET "/assets/jquery.self-d03a5518f45df77341bdbe6201ba3bfa547ebba8ed64f0ea56bfa5f96ea7c074.js?body=1" for 111.86.194.111 at 2016-03-06 11:44:20 +0000


Started GET "/assets/jquery_ujs.self-8e98a7a072a6cee1372d19fff9ff3e6aa1e39a37d89d6f06861637d061113ee7.js?body=1" for 111.86.194.111 at 2016-03-06 11:44:20 +0000


Started GET "/assets/turbolinks.self-c846e670826600e8c91b1a5ada3e6547110d996cd6ff24cde55024f7a135a1b4.js?body=1" for 111.86.194.111 at 2016-03-06 11:44:20 +0000


Started GET "/assets/static_pages.self-877aef30ae1b040ab8a3aba4e3e309a11d7f2612f44dde450b5c157aa5f95c05.js?body=1" for 111.86.194.111 at 2016-03-06 11:44:20 +0000


Started GET "/assets/words.self-877aef30ae1b040ab8a3aba4e3e309a11d7f2612f44dde450b5c157aa5f95c05.js?body=1" for 111.86.194.111 at 2016-03-06 11:44:20 +0000


Started GET "/assets/application.self-3b8dabdc891efe46b9a144b400ad69e37d7e5876bdc39dee783419a69d7ca819.js?body=1" for 111.86.194.111 at 2016-03-06 11:44:20 +0000


Started GET "/words" for 111.86.194.111 at 2016-03-06 11:46:15 +0000
Processing by WordsController#index as HTML
  [1m[35mWord Load (0.7ms)[0m  SELECT "words".* FROM "words"
  Rendered words/index.html.erb within layouts/application (5.5ms)
Completed 200 OK in 149ms (Views: 146.2ms | ActiveRecord: 0.7ms)


Started GET "/assets/scaffolds.self-4f0e5f6c8c08b345e71c119117ba1f6df24c95d47e1bdb345d5690d7e24eeb48.css?body=1" for 111.86.194.111 at 2016-03-06 11:46:16 +0000


Started GET "/assets/static_pages.self-e3b0c44298fc1c149afbf4c8996fb92427ae41e4649b934ca495991b7852b855.css?body=1" for 111.86.194.111 at 2016-03-06 11:46:16 +0000


Started GET "/assets/words.self-e3b0c44298fc1c149afbf4c8996fb92427ae41e4649b934ca495991b7852b855.css?body=1" for 111.86.194.111 at 2016-03-06 11:46:16 +0000


Started GET "/assets/application.self-6a74c31d3a468bb15356c6d30e797735988ccff2132b5d6a273f54bd407b73e1.css?body=1" for 111.86.194.111 at 2016-03-06 11:46:17 +0000


Started GET "/assets/jquery.self-d03a5518f45df77341bdbe6201ba3bfa547ebba8ed64f0ea56bfa5f96ea7c074.js?body=1" for 111.86.194.111 at 2016-03-06 11:46:17 +0000


Started GET "/assets/jquery_ujs.self-8e98a7a072a6cee1372d19fff9ff3e6aa1e39a37d89d6f06861637d061113ee7.js?body=1" for 111.86.194.111 at 2016-03-06 11:46:17 +0000


Started GET "/assets/turbolinks.self-c846e670826600e8c91b1a5ada3e6547110d996cd6ff24cde55024f7a135a1b4.js?body=1" for 111.86.194.111 at 2016-03-06 11:46:17 +0000


Started GET "/assets/static_pages.self-877aef30ae1b040ab8a3aba4e3e309a11d7f2612f44dde450b5c157aa5f95c05.js?body=1" for 111.86.194.111 at 2016-03-06 11:46:17 +0000


Started GET "/assets/words.self-877aef30ae1b040ab8a3aba4e3e309a11d7f2612f44dde450b5c157aa5f95c05.js?body=1" for 111.86.194.111 at 2016-03-06 11:46:17 +0000


Started GET "/assets/application.self-3b8dabdc891efe46b9a144b400ad69e37d7e5876bdc39dee783419a69d7ca819.js?body=1" for 111.86.194.111 at 2016-03-06 11:46:17 +0000


Started GET "/words/2" for 111.86.194.111 at 2016-03-06 11:46:38 +0000
Processing by WordsController#show as HTML
  Parameters: {"id"=>"2"}
  [1m[36mWord Load (0.2ms)[0m  [1mSELECT  "words".* FROM "words" WHERE "words"."id" = ? LIMIT 1[0m  [["id", 2]]
  [1m[35mWord Load (0.3ms)[0m  SELECT  "words".* FROM "words"  ORDER BY RANDOM() LIMIT 1
  Rendered words/show.html.erb within layouts/application (1.0ms)
Completed 200 OK in 38ms (Views: 35.5ms | ActiveRecord: 0.6ms)


Started GET "/words/2" for 111.86.194.111 at 2016-03-06 11:46:45 +0000
Processing by WordsController#show as HTML
  Parameters: {"id"=>"2"}
  [1m[36mWord Load (0.2ms)[0m  [1mSELECT  "words".* FROM "words" WHERE "words"."id" = ? LIMIT 1[0m  [["id", 2]]
  [1m[35mWord Load (0.2ms)[0m  SELECT  "words".* FROM "words"  ORDER BY RANDOM() LIMIT 1
  Rendered words/show.html.erb within layouts/application (0.7ms)
Completed 200 OK in 49ms (Views: 46.8ms | ActiveRecord: 0.5ms)


Started GET "/assets/scaffolds.self-4f0e5f6c8c08b345e71c119117ba1f6df24c95d47e1bdb345d5690d7e24eeb48.css?body=1" for 111.86.194.111 at 2016-03-06 11:46:45 +0000


Started GET "/assets/static_pages.self-e3b0c44298fc1c149afbf4c8996fb92427ae41e4649b934ca495991b7852b855.css?body=1" for 111.86.194.111 at 2016-03-06 11:46:45 +0000


Started GET "/assets/words.self-e3b0c44298fc1c149afbf4c8996fb92427ae41e4649b934ca495991b7852b855.css?body=1" for 111.86.194.111 at 2016-03-06 11:46:45 +0000


Started GET "/assets/application.self-6a74c31d3a468bb15356c6d30e797735988ccff2132b5d6a273f54bd407b73e1.css?body=1" for 111.86.194.111 at 2016-03-06 11:46:45 +0000


Started GET "/assets/jquery.self-d03a5518f45df77341bdbe6201ba3bfa547ebba8ed64f0ea56bfa5f96ea7c074.js?body=1" for 111.86.194.111 at 2016-03-06 11:46:45 +0000


Started GET "/assets/jquery_ujs.self-8e98a7a072a6cee1372d19fff9ff3e6aa1e39a37d89d6f06861637d061113ee7.js?body=1" for 111.86.194.111 at 2016-03-06 11:46:45 +0000


Started GET "/assets/turbolinks.self-c846e670826600e8c91b1a5ada3e6547110d996cd6ff24cde55024f7a135a1b4.js?body=1" for 111.86.194.111 at 2016-03-06 11:46:46 +0000


Started GET "/assets/static_pages.self-877aef30ae1b040ab8a3aba4e3e309a11d7f2612f44dde450b5c157aa5f95c05.js?body=1" for 111.86.194.111 at 2016-03-06 11:46:46 +0000


Started GET "/assets/words.self-877aef30ae1b040ab8a3aba4e3e309a11d7f2612f44dde450b5c157aa5f95c05.js?body=1" for 111.86.194.111 at 2016-03-06 11:46:46 +0000


Started GET "/assets/application.self-3b8dabdc891efe46b9a144b400ad69e37d7e5876bdc39dee783419a69d7ca819.js?body=1" for 111.86.194.111 at 2016-03-06 11:46:46 +0000


Started GET "/words/2" for 111.86.194.111 at 2016-03-06 11:46:48 +0000
Processing by WordsController#show as HTML
  Parameters: {"id"=>"2"}
  [1m[36mWord Load (0.3ms)[0m  [1mSELECT  "words".* FROM "words" WHERE "words"."id" = ? LIMIT 1[0m  [["id", 2]]
  [1m[35mWord Load (0.3ms)[0m  SELECT  "words".* FROM "words"  ORDER BY RANDOM() LIMIT 1
  Rendered words/show.html.erb within layouts/application (0.5ms)
Completed 200 OK in 41ms (Views: 37.5ms | ActiveRecord: 0.6ms)


Started GET "/assets/scaffolds.self-4f0e5f6c8c08b345e71c119117ba1f6df24c95d47e1bdb345d5690d7e24eeb48.css?body=1" for 111.86.194.111 at 2016-03-06 11:46:48 +0000


Started GET "/assets/static_pages.self-e3b0c44298fc1c149afbf4c8996fb92427ae41e4649b934ca495991b7852b855.css?body=1" for 111.86.194.111 at 2016-03-06 11:46:48 +0000


Started GET "/assets/words.self-e3b0c44298fc1c149afbf4c8996fb92427ae41e4649b934ca495991b7852b855.css?body=1" for 111.86.194.111 at 2016-03-06 11:46:48 +0000


Started GET "/assets/application.self-6a74c31d3a468bb15356c6d30e797735988ccff2132b5d6a273f54bd407b73e1.css?body=1" for 111.86.194.111 at 2016-03-06 11:46:48 +0000


Started GET "/assets/jquery.self-d03a5518f45df77341bdbe6201ba3bfa547ebba8ed64f0ea56bfa5f96ea7c074.js?body=1" for 111.86.194.111 at 2016-03-06 11:46:48 +0000


Started GET "/assets/jquery_ujs.self-8e98a7a072a6cee1372d19fff9ff3e6aa1e39a37d89d6f06861637d061113ee7.js?body=1" for 111.86.194.111 at 2016-03-06 11:46:48 +0000


Started GET "/assets/turbolinks.self-c846e670826600e8c91b1a5ada3e6547110d996cd6ff24cde55024f7a135a1b4.js?body=1" for 111.86.194.111 at 2016-03-06 11:46:48 +0000


Started GET "/assets/static_pages.self-877aef30ae1b040ab8a3aba4e3e309a11d7f2612f44dde450b5c157aa5f95c05.js?body=1" for 111.86.194.111 at 2016-03-06 11:46:49 +0000


Started GET "/assets/words.self-877aef30ae1b040ab8a3aba4e3e309a11d7f2612f44dde450b5c157aa5f95c05.js?body=1" for 111.86.194.111 at 2016-03-06 11:46:49 +0000


Started GET "/assets/application.self-3b8dabdc891efe46b9a144b400ad69e37d7e5876bdc39dee783419a69d7ca819.js?body=1" for 111.86.194.111 at 2016-03-06 11:46:49 +0000


Started GET "/words" for 111.86.194.111 at 2016-03-06 11:47:00 +0000
Processing by WordsController#index as HTML
  [1m[36mWord Load (0.3ms)[0m  [1mSELECT "words".* FROM "words"[0m
  Rendered words/index.html.erb within layouts/application (3.5ms)
Completed 200 OK in 45ms (Views: 43.8ms | ActiveRecord: 0.3ms)


Started GET "/words" for 111.86.194.111 at 2016-03-06 11:51:01 +0000
Processing by WordsController#index as HTML
  [1m[35mWord Load (0.5ms)[0m  SELECT "words".* FROM "words"
  Rendered words/index.html.erb within layouts/application (5.8ms)
Completed 200 OK in 104ms (Views: 100.4ms | ActiveRecord: 0.5ms)


Started GET "/assets/scaffolds.self-4f0e5f6c8c08b345e71c119117ba1f6df24c95d47e1bdb345d5690d7e24eeb48.css?body=1" for 111.86.194.111 at 2016-03-06 11:51:01 +0000


Started GET "/assets/static_pages.self-e3b0c44298fc1c149afbf4c8996fb92427ae41e4649b934ca495991b7852b855.css?body=1" for 111.86.194.111 at 2016-03-06 11:51:01 +0000


Started GET "/assets/words.self-e3b0c44298fc1c149afbf4c8996fb92427ae41e4649b934ca495991b7852b855.css?body=1" for 111.86.194.111 at 2016-03-06 11:51:01 +0000


Started GET "/assets/application.self-fa168e0e2c949d9ec9ee15c337644ee3e6ca7aedaf4d4f05f0bab54e35e8f96a.css?body=1" for 111.86.194.111 at 2016-03-06 11:51:01 +0000


Started GET "/assets/jquery.self-d03a5518f45df77341bdbe6201ba3bfa547ebba8ed64f0ea56bfa5f96ea7c074.js?body=1" for 111.86.194.111 at 2016-03-06 11:51:01 +0000


Started GET "/assets/jquery_ujs.self-8e98a7a072a6cee1372d19fff9ff3e6aa1e39a37d89d6f06861637d061113ee7.js?body=1" for 111.86.194.111 at 2016-03-06 11:51:01 +0000


Started GET "/assets/turbolinks.self-c846e670826600e8c91b1a5ada3e6547110d996cd6ff24cde55024f7a135a1b4.js?body=1" for 111.86.194.111 at 2016-03-06 11:51:01 +0000


Started GET "/assets/static_pages.self-877aef30ae1b040ab8a3aba4e3e309a11d7f2612f44dde450b5c157aa5f95c05.js?body=1" for 111.86.194.111 at 2016-03-06 11:51:02 +0000


Started GET "/assets/words.self-877aef30ae1b040ab8a3aba4e3e309a11d7f2612f44dde450b5c157aa5f95c05.js?body=1" for 111.86.194.111 at 2016-03-06 11:51:02 +0000


Started GET "/assets/application.self-3b8dabdc891efe46b9a144b400ad69e37d7e5876bdc39dee783419a69d7ca819.js?body=1" for 111.86.194.111 at 2016-03-06 11:51:02 +0000


Started GET "/browserconfig.xml" for 111.86.194.111 at 2016-03-06 12:11:20 +0000

ActionController::RoutingError (No route matches [GET] "/browserconfig.xml"):
  web-console (2.0.0.beta3) lib/action_dispatch/debug_exceptions.rb:22:in `middleware_call'
  web-console (2.0.0.beta3) lib/action_dispatch/debug_exceptions.rb:13:in `call'
  actionpack (4.2.2) lib/action_dispatch/middleware/show_exceptions.rb:30:in `call'
  railties (4.2.2) lib/rails/rack/logger.rb:38:in `call_app'
  railties (4.2.2) lib/rails/rack/logger.rb:20:in `block in call'
  activesupport (4.2.2) lib/active_support/tagged_logging.rb:68:in `block in tagged'
  activesupport (4.2.2) lib/active_support/tagged_logging.rb:26:in `tagged'
  activesupport (4.2.2) lib/active_support/tagged_logging.rb:68:in `tagged'
  railties (4.2.2) lib/rails/rack/logger.rb:20:in `call'
  actionpack (4.2.2) lib/action_dispatch/middleware/request_id.rb:21:in `call'
  rack (1.6.4) lib/rack/methodoverride.rb:22:in `call'
  rack (1.6.4) lib/rack/runtime.rb:18:in `call'
  activesupport (4.2.2) lib/active_support/cache/strategy/local_cache_middleware.rb:28:in `call'
  rack (1.6.4) lib/rack/lock.rb:17:in `call'
  actionpack (4.2.2) lib/action_dispatch/middleware/static.rb:113:in `call'
  rack (1.6.4) lib/rack/sendfile.rb:113:in `call'
  railties (4.2.2) lib/rails/engine.rb:518:in `call'
  railties (4.2.2) lib/rails/application.rb:164:in `call'
  rack (1.6.4) lib/rack/lock.rb:17:in `call'
  rack (1.6.4) lib/rack/content_length.rb:15:in `call'
  rack (1.6.4) lib/rack/handler/webrick.rb:88:in `service'
  /usr/local/rvm/rubies/ruby-2.3.0/lib/ruby/2.3.0/webrick/httpserver.rb:140:in `service'
  /usr/local/rvm/rubies/ruby-2.3.0/lib/ruby/2.3.0/webrick/httpserver.rb:96:in `run'
  /usr/local/rvm/rubies/ruby-2.3.0/lib/ruby/2.3.0/webrick/server.rb:296:in `block in start_thread'


  Rendered /usr/local/rvm/gems/ruby-2.3.0/gems/web-console-2.0.0.beta3/lib/action_dispatch/templates/rescues/_trace.html.erb (1.9ms)
  Rendered /usr/local/rvm/gems/ruby-2.3.0/gems/web-console-2.0.0.beta3/lib/action_dispatch/templates/rescues/routing_error.html.erb within rescues/layout (93.8ms)


Started GET "/words" for 111.86.194.111 at 2016-03-06 12:47:31 +0000
Processing by WordsController#index as HTML
  [1m[36mWord Load (1.9ms)[0m  [1mSELECT "words".* FROM "words"[0m
  Rendered words/index.html.erb within layouts/application (15.9ms)
Completed 200 OK in 112ms (Views: 100.3ms | ActiveRecord: 2.8ms)


Started GET "/assets/scaffolds.self-4f0e5f6c8c08b345e71c119117ba1f6df24c95d47e1bdb345d5690d7e24eeb48.css?body=1" for 111.86.194.111 at 2016-03-06 12:47:32 +0000


Started GET "/assets/static_pages.self-e3b0c44298fc1c149afbf4c8996fb92427ae41e4649b934ca495991b7852b855.css?body=1" for 111.86.194.111 at 2016-03-06 12:47:32 +0000


Started GET "/assets/words.self-e3b0c44298fc1c149afbf4c8996fb92427ae41e4649b934ca495991b7852b855.css?body=1" for 111.86.194.111 at 2016-03-06 12:47:32 +0000


Started GET "/assets/application.self-2919732810ddecc59f33833af9f0fc5f21f45f2fef566bdecb722d451cae3d85.css?body=1" for 111.86.194.111 at 2016-03-06 12:47:32 +0000


Started GET "/assets/jquery.self-d03a5518f45df77341bdbe6201ba3bfa547ebba8ed64f0ea56bfa5f96ea7c074.js?body=1" for 111.86.194.111 at 2016-03-06 12:47:32 +0000


Started GET "/assets/jquery_ujs.self-8e98a7a072a6cee1372d19fff9ff3e6aa1e39a37d89d6f06861637d061113ee7.js?body=1" for 111.86.194.111 at 2016-03-06 12:47:32 +0000


Started GET "/assets/turbolinks.self-c846e670826600e8c91b1a5ada3e6547110d996cd6ff24cde55024f7a135a1b4.js?body=1" for 111.86.194.111 at 2016-03-06 12:47:33 +0000


Started GET "/assets/static_pages.self-877aef30ae1b040ab8a3aba4e3e309a11d7f2612f44dde450b5c157aa5f95c05.js?body=1" for 111.86.194.111 at 2016-03-06 12:47:33 +0000


Started GET "/assets/words.self-877aef30ae1b040ab8a3aba4e3e309a11d7f2612f44dde450b5c157aa5f95c05.js?body=1" for 111.86.194.111 at 2016-03-06 12:47:33 +0000


Started GET "/assets/application.self-3b8dabdc891efe46b9a144b400ad69e37d7e5876bdc39dee783419a69d7ca819.js?body=1" for 111.86.194.111 at 2016-03-06 12:47:33 +0000


Started GET "/words/3" for 111.86.194.111 at 2016-03-06 12:47:45 +0000
Processing by WordsController#show as HTML
  Parameters: {"id"=>"3"}
  [1m[35mWord Load (0.9ms)[0m  SELECT  "words".* FROM "words" WHERE "words"."id" = ? LIMIT 1  [["id", 3]]
  Rendered words/show.html.erb within layouts/application (0.5ms)
Completed 200 OK in 55ms (Views: 51.7ms | ActiveRecord: 0.9ms)


Started GET "/words/3" for 111.86.194.111 at 2016-03-06 12:47:47 +0000
Processing by WordsController#show as HTML
  Parameters: {"id"=>"3"}
  [1m[36mWord Load (0.2ms)[0m  [1mSELECT  "words".* FROM "words" WHERE "words"."id" = ? LIMIT 1[0m  [["id", 3]]
  Rendered words/show.html.erb within layouts/application (0.6ms)
Completed 200 OK in 54ms (Views: 51.7ms | ActiveRecord: 0.2ms)


Started GET "/assets/scaffolds.self-4f0e5f6c8c08b345e71c119117ba1f6df24c95d47e1bdb345d5690d7e24eeb48.css?body=1" for 111.86.194.111 at 2016-03-06 12:47:48 +0000


Started GET "/assets/static_pages.self-e3b0c44298fc1c149afbf4c8996fb92427ae41e4649b934ca495991b7852b855.css?body=1" for 111.86.194.111 at 2016-03-06 12:47:48 +0000


Started GET "/assets/words.self-e3b0c44298fc1c149afbf4c8996fb92427ae41e4649b934ca495991b7852b855.css?body=1" for 111.86.194.111 at 2016-03-06 12:47:48 +0000


Started GET "/assets/application.self-2919732810ddecc59f33833af9f0fc5f21f45f2fef566bdecb722d451cae3d85.css?body=1" for 111.86.194.111 at 2016-03-06 12:47:48 +0000


Started GET "/assets/jquery.self-d03a5518f45df77341bdbe6201ba3bfa547ebba8ed64f0ea56bfa5f96ea7c074.js?body=1" for 111.86.194.111 at 2016-03-06 12:47:48 +0000


Started GET "/assets/jquery_ujs.self-8e98a7a072a6cee1372d19fff9ff3e6aa1e39a37d89d6f06861637d061113ee7.js?body=1" for 111.86.194.111 at 2016-03-06 12:47:48 +0000


Started GET "/assets/turbolinks.self-c846e670826600e8c91b1a5ada3e6547110d996cd6ff24cde55024f7a135a1b4.js?body=1" for 111.86.194.111 at 2016-03-06 12:47:48 +0000


Started GET "/assets/static_pages.self-877aef30ae1b040ab8a3aba4e3e309a11d7f2612f44dde450b5c157aa5f95c05.js?body=1" for 111.86.194.111 at 2016-03-06 12:47:48 +0000


Started GET "/assets/words.self-877aef30ae1b040ab8a3aba4e3e309a11d7f2612f44dde450b5c157aa5f95c05.js?body=1" for 111.86.194.111 at 2016-03-06 12:47:48 +0000


Started GET "/assets/application.self-3b8dabdc891efe46b9a144b400ad69e37d7e5876bdc39dee783419a69d7ca819.js?body=1" for 111.86.194.111 at 2016-03-06 12:47:49 +0000


Started GET "/get/" for 111.86.194.111 at 2016-03-06 13:44:51 +0000
Processing by WordsController#getrandom as HTML
  [1m[35mWord Load (1.2ms)[0m  SELECT  "words".* FROM "words"  ORDER BY RANDOM() LIMIT 1
  Rendered words/getrandom.html.erb within layouts/application (3.8ms)
Completed 200 OK in 88ms (Views: 80.1ms | ActiveRecord: 1.2ms)


Started GET "/get/" for 111.86.194.111 at 2016-03-06 13:45:08 +0000
Processing by WordsController#getrandom as HTML
  [1m[36mWord Load (0.4ms)[0m  [1mSELECT  "words".* FROM "words"  ORDER BY RANDOM() LIMIT 1[0m
  Rendered words/getrandom.html.erb within layouts/application (0.8ms)
Completed 200 OK in 62ms (Views: 59.9ms | ActiveRecord: 0.4ms)


Started GET "/get/" for 111.86.194.111 at 2016-03-06 13:45:12 +0000
Processing by WordsController#getrandom as HTML
  [1m[35mWord Load (0.4ms)[0m  SELECT  "words".* FROM "words"  ORDER BY RANDOM() LIMIT 1
  Rendered words/getrandom.html.erb within layouts/application (0.6ms)
Completed 200 OK in 54ms (Views: 52.0ms | ActiveRecord: 0.4ms)


Started GET "/get/" for 111.86.194.111 at 2016-03-06 13:45:15 +0000
Processing by WordsController#getrandom as HTML
  [1m[36mWord Load (0.6ms)[0m  [1mSELECT  "words".* FROM "words"  ORDER BY RANDOM() LIMIT 1[0m
  Rendered words/getrandom.html.erb within layouts/application (0.7ms)
Completed 200 OK in 80ms (Views: 77.1ms | ActiveRecord: 0.6ms)


Started GET "/get/" for 111.86.194.111 at 2016-03-06 13:45:19 +0000
Processing by WordsController#getrandom as HTML
  [1m[35mWord Load (0.4ms)[0m  SELECT  "words".* FROM "words"  ORDER BY RANDOM() LIMIT 1
  Rendered words/getrandom.html.erb within layouts/application (0.5ms)
Completed 200 OK in 45ms (Views: 41.8ms | ActiveRecord: 0.4ms)


Started GET "/get/" for 111.86.194.111 at 2016-03-06 13:45:23 +0000
Processing by WordsController#getrandom as HTML
  [1m[36mWord Load (0.4ms)[0m  [1mSELECT  "words".* FROM "words"  ORDER BY RANDOM() LIMIT 1[0m
  Rendered words/getrandom.html.erb within layouts/application (0.7ms)
Completed 200 OK in 52ms (Views: 49.4ms | ActiveRecord: 0.4ms)


Started GET "/words/2/edit" for 111.86.194.111 at 2016-03-06 13:45:26 +0000
Processing by WordsController#edit as HTML
  Parameters: {"id"=>"2"}
  [1m[35mWord Load (0.3ms)[0m  SELECT  "words".* FROM "words" WHERE "words"."id" = ? LIMIT 1  [["id", 2]]
  Rendered words/_form.html.erb (83.4ms)
  Rendered words/edit.html.erb within layouts/application (90.4ms)
Completed 200 OK in 154ms (Views: 152.2ms | ActiveRecord: 0.3ms)


Started GET "/words" for 111.86.194.111 at 2016-03-06 13:45:34 +0000
Processing by WordsController#index as HTML
  [1m[36mWord Load (0.4ms)[0m  [1mSELECT "words".* FROM "words"[0m
  Rendered words/index.html.erb within layouts/application (3.6ms)
Completed 200 OK in 61ms (Views: 59.8ms | ActiveRecord: 0.4ms)


Started GET "/get/" for 111.86.194.111 at 2016-03-06 13:48:22 +0000
Processing by WordsController#getrandom as HTML
  [1m[35mWord Load (0.6ms)[0m  SELECT  "words".* FROM "words"  ORDER BY RANDOM() LIMIT 1
  Rendered words/getrandom.html.erb within layouts/application (67.8ms)
Completed 500 Internal Server Error in 83ms (ActiveRecord: 0.6ms)

NameError (undefined local variable or method `getrandom_word_path' for #<#<Class:0x007fc4646de608>:0x007fc46c226568>):
  app/views/words/getrandom.html.erb:8:in `_app_views_words_getrandom_html_erb___3767201314446800301_70240802251760'


  Rendered /usr/local/rvm/gems/ruby-2.3.0/gems/web-console-2.0.0.beta3/lib/action_dispatch/templates/rescues/_source.erb (11.8ms)
  Rendered /usr/local/rvm/gems/ruby-2.3.0/gems/web-console-2.0.0.beta3/lib/action_dispatch/templates/rescues/_trace.html.erb (5.1ms)
  Rendered /usr/local/rvm/gems/ruby-2.3.0/gems/web-console-2.0.0.beta3/lib/action_dispatch/templates/rescues/_request_and_response.html.erb (2.6ms)
  Rendered /usr/local/rvm/gems/ruby-2.3.0/gems/web-console-2.0.0.beta3/lib/action_dispatch/templates/rescues/_web_console.html.erb (2.0ms)
  Rendered /usr/local/rvm/gems/ruby-2.3.0/gems/web-console-2.0.0.beta3/lib/action_dispatch/templates/rescues/diagnostics.html.erb within rescues/layout (160.9ms)


Started GET "/" for 111.86.194.111 at 2016-03-06 13:53:06 +0000
Processing by StaticPagesController#home as HTML
  Rendered static_pages/home.html.erb within layouts/application (1.9ms)
Completed 200 OK in 57ms (Views: 54.9ms | ActiveRecord: 0.0ms)


Started GET "/get" for 111.86.194.111 at 2016-03-06 13:53:10 +0000
Processing by WordsController#getrandom as HTML
  [1m[36mWord Load (0.5ms)[0m  [1mSELECT  "words".* FROM "words"  ORDER BY RANDOM() LIMIT 1[0m
  Rendered words/getrandom.html.erb within layouts/application (0.8ms)
Completed 200 OK in 47ms (Views: 43.6ms | ActiveRecord: 0.5ms)


Started GET "/get" for 111.86.194.111 at 2016-03-06 13:53:14 +0000
Processing by WordsController#getrandom as HTML
  [1m[35mWord Load (0.4ms)[0m  SELECT  "words".* FROM "words"  ORDER BY RANDOM() LIMIT 1
  Rendered words/getrandom.html.erb within layouts/application (0.3ms)
Completed 200 OK in 46ms (Views: 43.6ms | ActiveRecord: 0.4ms)


Started GET "/get" for 111.86.194.111 at 2016-03-06 13:53:16 +0000
Processing by WordsController#getrandom as HTML
  [1m[36mWord Load (0.4ms)[0m  [1mSELECT  "words".* FROM "words"  ORDER BY RANDOM() LIMIT 1[0m
  Rendered words/getrandom.html.erb within layouts/application (0.2ms)
Completed 200 OK in 42ms (Views: 40.1ms | ActiveRecord: 0.4ms)


Started GET "/get" for 111.86.194.111 at 2016-03-06 13:56:46 +0000
Processing by WordsController#getrandom as HTML
  [1m[35mWord Load (0.7ms)[0m  SELECT  "words".* FROM "words"  ORDER BY RANDOM() LIMIT 1
  Rendered words/getrandom.html.erb within layouts/application (1.5ms)
Completed 200 OK in 50ms (Views: 46.0ms | ActiveRecord: 0.7ms)


Started GET "/get" for 111.86.194.111 at 2016-03-06 13:58:59 +0000
Processing by WordsController#getrandom as HTML
  [1m[36mWord Load (0.8ms)[0m  [1mSELECT  "words".* FROM "words"  ORDER BY RANDOM() LIMIT 1[0m
  Rendered words/getrandom.html.erb within layouts/application (2.2ms)
Completed 200 OK in 99ms (Views: 92.9ms | ActiveRecord: 0.8ms)


Started GET "/assets/scaffolds.self-4f0e5f6c8c08b345e71c119117ba1f6df24c95d47e1bdb345d5690d7e24eeb48.css?body=1" for 111.86.194.111 at 2016-03-06 13:58:59 +0000


Started GET "/assets/static_pages.self-e3b0c44298fc1c149afbf4c8996fb92427ae41e4649b934ca495991b7852b855.css?body=1" for 111.86.194.111 at 2016-03-06 13:59:00 +0000


Started GET "/assets/words.self-e3b0c44298fc1c149afbf4c8996fb92427ae41e4649b934ca495991b7852b855.css?body=1" for 111.86.194.111 at 2016-03-06 13:59:00 +0000


Started GET "/assets/application.self-c9160be39bb12deda4e2231bc873a1d3857bbc208aa7b552bc72c91974ed5e57.css?body=1" for 111.86.194.111 at 2016-03-06 13:59:00 +0000


Started GET "/assets/jquery.self-d03a5518f45df77341bdbe6201ba3bfa547ebba8ed64f0ea56bfa5f96ea7c074.js?body=1" for 111.86.194.111 at 2016-03-06 13:59:00 +0000


Started GET "/assets/jquery_ujs.self-8e98a7a072a6cee1372d19fff9ff3e6aa1e39a37d89d6f06861637d061113ee7.js?body=1" for 111.86.194.111 at 2016-03-06 13:59:00 +0000


Started GET "/assets/turbolinks.self-c846e670826600e8c91b1a5ada3e6547110d996cd6ff24cde55024f7a135a1b4.js?body=1" for 111.86.194.111 at 2016-03-06 13:59:00 +0000


Started GET "/assets/static_pages.self-877aef30ae1b040ab8a3aba4e3e309a11d7f2612f44dde450b5c157aa5f95c05.js?body=1" for 111.86.194.111 at 2016-03-06 13:59:00 +0000


Started GET "/assets/words.self-877aef30ae1b040ab8a3aba4e3e309a11d7f2612f44dde450b5c157aa5f95c05.js?body=1" for 111.86.194.111 at 2016-03-06 13:59:00 +0000


Started GET "/assets/application.self-3b8dabdc891efe46b9a144b400ad69e37d7e5876bdc39dee783419a69d7ca819.js?body=1" for 111.86.194.111 at 2016-03-06 13:59:01 +0000


Started GET "/get" for 111.86.194.111 at 2016-03-06 13:59:43 +0000
Processing by WordsController#getrandom as HTML
  [1m[35mWord Load (0.6ms)[0m  SELECT  "words".* FROM "words"  ORDER BY RANDOM() LIMIT 1
  Rendered words/getrandom.html.erb within layouts/application (0.4ms)
Completed 200 OK in 97ms (Views: 92.6ms | ActiveRecord: 0.6ms)


Started GET "/assets/application.self-ac98b6f50b7cab837e149820994b71a83dfc35ce6747088320c104ae44f559b1.css?body=1" for 111.86.194.111 at 2016-03-06 13:59:44 +0000


Started GET "/get" for 111.86.194.111 at 2016-03-06 13:59:50 +0000
Processing by WordsController#getrandom as HTML
  [1m[36mWord Load (0.4ms)[0m  [1mSELECT  "words".* FROM "words"  ORDER BY RANDOM() LIMIT 1[0m
  Rendered words/getrandom.html.erb within layouts/application (0.3ms)
Completed 200 OK in 53ms (Views: 51.2ms | ActiveRecord: 0.4ms)


Started GET "/" for 111.86.194.111 at 2016-03-06 14:00:29 +0000
Processing by StaticPagesController#home as HTML
  Rendered static_pages/home.html.erb within layouts/application (1.4ms)
Completed 200 OK in 79ms (Views: 77.9ms | ActiveRecord: 0.0ms)


Started GET "/get" for 111.86.194.111 at 2016-03-06 14:00:33 +0000
Processing by WordsController#getrandom as HTML
  [1m[35mWord Load (0.6ms)[0m  SELECT  "words".* FROM "words"  ORDER BY RANDOM() LIMIT 1
  Rendered words/getrandom.html.erb within layouts/application (0.6ms)
Completed 200 OK in 66ms (Views: 63.2ms | ActiveRecord: 0.6ms)


Started GET "/get" for 111.86.194.111 at 2016-03-06 14:00:36 +0000
Processing by WordsController#getrandom as HTML
  [1m[36mWord Load (0.4ms)[0m  [1mSELECT  "words".* FROM "words"  ORDER BY RANDOM() LIMIT 1[0m
  Rendered words/getrandom.html.erb within layouts/application (0.2ms)
Completed 200 OK in 51ms (Views: 48.9ms | ActiveRecord: 0.4ms)


Started GET "/words" for 111.86.194.111 at 2016-03-06 14:00:47 +0000
Processing by WordsController#index as HTML
  [1m[35mWord Load (0.4ms)[0m  SELECT "words".* FROM "words"
  Rendered words/index.html.erb within layouts/application (4.2ms)
Completed 200 OK in 65ms (Views: 63.7ms | ActiveRecord: 0.4ms)


Started GET "/" for 111.86.194.111 at 2016-03-06 14:38:33 +0000
Processing by StaticPagesController#home as HTML
  Rendered static_pages/home.html.erb within layouts/application (0.4ms)
Completed 200 OK in 50ms (Views: 48.9ms | ActiveRecord: 0.0ms)


Started GET "/get" for 111.86.194.111 at 2016-03-06 14:38:35 +0000
Processing by WordsController#getrandom as HTML
  [1m[36mWord Load (0.8ms)[0m  [1mSELECT  "words".* FROM "words"  ORDER BY RANDOM() LIMIT 1[0m
  Rendered words/getrandom.html.erb within layouts/application (0.5ms)
Completed 200 OK in 63ms (Views: 58.2ms | ActiveRecord: 0.8ms)


Started GET "/get" for 111.86.194.111 at 2016-03-06 14:54:21 +0000
Processing by WordsController#getrandom as HTML
  [1m[35mWord Load (0.7ms)[0m  SELECT  "words".* FROM "words"  ORDER BY RANDOM() LIMIT 1
  Rendered words/getrandom.html.erb within layouts/application (0.6ms)
Completed 200 OK in 183ms (Views: 178.5ms | ActiveRecord: 0.7ms)


Started GET "/get" for 111.86.194.111 at 2016-03-06 14:54:22 +0000
Processing by WordsController#getrandom as HTML
  [1m[36mWord Load (0.5ms)[0m  [1mSELECT  "words".* FROM "words"  ORDER BY RANDOM() LIMIT 1[0m
  Rendered words/getrandom.html.erb within layouts/application (0.4ms)
Completed 200 OK in 60ms (Views: 57.3ms | ActiveRecord: 0.5ms)


Started GET "/assets/scaffolds.self-5c5d2504655102d08234dcea0a6ee8e2e2d35a7743a389be01394c2a34b95a46.css?body=1" for 111.86.194.111 at 2016-03-06 14:54:22 +0000


Started GET "/assets/application.self-834cc02523910e40d4e8a8167ac77a81203556225ae3f73318849f2ccbce3af6.css?body=1" for 111.86.194.111 at 2016-03-06 14:54:22 +0000


Started GET "/words" for 111.86.194.111 at 2016-03-06 14:54:29 +0000
Processing by WordsController#index as HTML
  [1m[35mWord Load (0.4ms)[0m  SELECT "words".* FROM "words"
  Rendered words/index.html.erb within layouts/application (2.9ms)
Completed 200 OK in 50ms (Views: 48.4ms | ActiveRecord: 0.4ms)


Started GET "/words/new" for 111.86.194.111 at 2016-03-06 14:54:33 +0000
Processing by WordsController#new as HTML
  Rendered words/_form.html.erb (7.8ms)
  Rendered words/new.html.erb within layouts/application (17.9ms)
Completed 200 OK in 91ms (Views: 89.1ms | ActiveRecord: 0.0ms)


Started GET "/words" for 111.86.194.111 at 2016-03-06 14:55:07 +0000
Processing by WordsController#index as HTML
  [1m[36mWord Load (0.4ms)[0m  [1mSELECT "words".* FROM "words"[0m
  Rendered words/index.html.erb within layouts/application (4.0ms)
Completed 200 OK in 54ms (Views: 52.1ms | ActiveRecord: 0.4ms)


Started GET "/" for 111.86.194.111 at 2016-03-06 14:55:13 +0000
Processing by StaticPagesController#home as HTML
  Rendered static_pages/home.html.erb within layouts/application (0.2ms)
Completed 200 OK in 59ms (Views: 58.7ms | ActiveRecord: 0.0ms)


Started GET "/get" for 111.86.194.111 at 2016-03-06 14:55:16 +0000
Processing by WordsController#getrandom as HTML
  [1m[35mWord Load (0.3ms)[0m  SELECT  "words".* FROM "words"  ORDER BY RANDOM() LIMIT 1
  Rendered words/getrandom.html.erb within layouts/application (0.3ms)
Completed 200 OK in 121ms (Views: 118.6ms | ActiveRecord: 0.3ms)


Started GET "/get" for 111.86.194.111 at 2016-03-06 14:55:56 +0000
Processing by WordsController#getrandom as HTML
  [1m[36mWord Load (0.6ms)[0m  [1mSELECT  "words".* FROM "words"  ORDER BY RANDOM() LIMIT 1[0m
  Rendered words/getrandom.html.erb within layouts/application (0.4ms)
Completed 200 OK in 81ms (Views: 77.6ms | ActiveRecord: 0.6ms)


Started GET "/get" for 111.86.194.111 at 2016-03-06 14:55:56 +0000
Processing by WordsController#getrandom as HTML
  [1m[35mWord Load (0.5ms)[0m  SELECT  "words".* FROM "words"  ORDER BY RANDOM() LIMIT 1
  Rendered words/getrandom.html.erb within layouts/application (0.5ms)
Completed 200 OK in 68ms (Views: 65.5ms | ActiveRecord: 0.5ms)


Started GET "/assets/application.self-f86f84b9585d3c5b5ccc98432544e399cd6be44b8f9ee4dc138e80f69388d7fd.css?body=1" for 111.86.194.111 at 2016-03-06 14:55:56 +0000


Started GET "/get" for 111.86.194.111 at 2016-03-06 15:00:01 +0000
Processing by WordsController#getrandom as HTML
  [1m[36mWord Load (0.4ms)[0m  [1mSELECT  "words".* FROM "words"  ORDER BY RANDOM() LIMIT 1[0m
  Rendered words/getrandom.html.erb within layouts/application (0.5ms)
Completed 200 OK in 114ms (Views: 110.2ms | ActiveRecord: 0.4ms)


Started GET "/assets/scaffolds.self-5c5d2504655102d08234dcea0a6ee8e2e2d35a7743a389be01394c2a34b95a46.css?body=1" for 111.86.194.111 at 2016-03-06 15:00:02 +0000


Started GET "/assets/static_pages.self-e3b0c44298fc1c149afbf4c8996fb92427ae41e4649b934ca495991b7852b855.css?body=1" for 111.86.194.111 at 2016-03-06 15:00:02 +0000


Started GET "/assets/words.self-e3b0c44298fc1c149afbf4c8996fb92427ae41e4649b934ca495991b7852b855.css?body=1" for 111.86.194.111 at 2016-03-06 15:00:02 +0000


Started GET "/assets/application.self-821f6f245e24fb71db55b39b9d4e5b313bc002eb3eed1e5704bd7c4840c4f6a1.css?body=1" for 111.86.194.111 at 2016-03-06 15:00:02 +0000


Started GET "/assets/jquery.self-d03a5518f45df77341bdbe6201ba3bfa547ebba8ed64f0ea56bfa5f96ea7c074.js?body=1" for 111.86.194.111 at 2016-03-06 15:00:02 +0000


Started GET "/assets/jquery_ujs.self-8e98a7a072a6cee1372d19fff9ff3e6aa1e39a37d89d6f06861637d061113ee7.js?body=1" for 111.86.194.111 at 2016-03-06 15:00:02 +0000


Started GET "/assets/turbolinks.self-c846e670826600e8c91b1a5ada3e6547110d996cd6ff24cde55024f7a135a1b4.js?body=1" for 111.86.194.111 at 2016-03-06 15:00:02 +0000


Started GET "/assets/static_pages.self-877aef30ae1b040ab8a3aba4e3e309a11d7f2612f44dde450b5c157aa5f95c05.js?body=1" for 111.86.194.111 at 2016-03-06 15:00:02 +0000


Started GET "/assets/words.self-877aef30ae1b040ab8a3aba4e3e309a11d7f2612f44dde450b5c157aa5f95c05.js?body=1" for 111.86.194.111 at 2016-03-06 15:00:03 +0000


Started GET "/assets/application.self-3b8dabdc891efe46b9a144b400ad69e37d7e5876bdc39dee783419a69d7ca819.js?body=1" for 111.86.194.111 at 2016-03-06 15:00:03 +0000


Started GET "/get" for 111.86.194.111 at 2016-03-06 15:00:21 +0000
Processing by WordsController#getrandom as HTML
  [1m[35mWord Load (0.6ms)[0m  SELECT  "words".* FROM "words"  ORDER BY RANDOM() LIMIT 1
  Rendered words/getrandom.html.erb within layouts/application (0.5ms)
Completed 200 OK in 103ms (Views: 99.9ms | ActiveRecord: 0.6ms)


Started GET "/assets/scaffolds.self-5c5d2504655102d08234dcea0a6ee8e2e2d35a7743a389be01394c2a34b95a46.css?body=1" for 111.86.194.111 at 2016-03-06 15:00:21 +0000


Started GET "/assets/static_pages.self-e3b0c44298fc1c149afbf4c8996fb92427ae41e4649b934ca495991b7852b855.css?body=1" for 111.86.194.111 at 2016-03-06 15:00:21 +0000


Started GET "/assets/words.self-e3b0c44298fc1c149afbf4c8996fb92427ae41e4649b934ca495991b7852b855.css?body=1" for 111.86.194.111 at 2016-03-06 15:00:22 +0000


Started GET "/assets/application.self-11496fe215c5d78640aa3828862e922e83f1e31482a763154443431e84d7cdb3.css?body=1" for 111.86.194.111 at 2016-03-06 15:00:22 +0000


Started GET "/assets/jquery.self-d03a5518f45df77341bdbe6201ba3bfa547ebba8ed64f0ea56bfa5f96ea7c074.js?body=1" for 111.86.194.111 at 2016-03-06 15:00:22 +0000


Started GET "/assets/jquery_ujs.self-8e98a7a072a6cee1372d19fff9ff3e6aa1e39a37d89d6f06861637d061113ee7.js?body=1" for 111.86.194.111 at 2016-03-06 15:00:22 +0000


Started GET "/assets/turbolinks.self-c846e670826600e8c91b1a5ada3e6547110d996cd6ff24cde55024f7a135a1b4.js?body=1" for 111.86.194.111 at 2016-03-06 15:00:22 +0000


Started GET "/assets/static_pages.self-877aef30ae1b040ab8a3aba4e3e309a11d7f2612f44dde450b5c157aa5f95c05.js?body=1" for 111.86.194.111 at 2016-03-06 15:00:22 +0000


Started GET "/assets/words.self-877aef30ae1b040ab8a3aba4e3e309a11d7f2612f44dde450b5c157aa5f95c05.js?body=1" for 111.86.194.111 at 2016-03-06 15:00:22 +0000


Started GET "/assets/application.self-3b8dabdc891efe46b9a144b400ad69e37d7e5876bdc39dee783419a69d7ca819.js?body=1" for 111.86.194.111 at 2016-03-06 15:00:22 +0000


Started GET "/get" for 111.86.194.111 at 2016-03-06 15:00:55 +0000
Processing by WordsController#getrandom as HTML
  [1m[36mWord Load (0.6ms)[0m  [1mSELECT  "words".* FROM "words"  ORDER BY RANDOM() LIMIT 1[0m
  Rendered words/getrandom.html.erb within layouts/application (0.4ms)
Completed 200 OK in 71ms (Views: 68.5ms | ActiveRecord: 0.6ms)


Started GET "/assets/scaffolds.self-5c5d2504655102d08234dcea0a6ee8e2e2d35a7743a389be01394c2a34b95a46.css?body=1" for 111.86.194.111 at 2016-03-06 15:00:55 +0000


Started GET "/assets/static_pages.self-e3b0c44298fc1c149afbf4c8996fb92427ae41e4649b934ca495991b7852b855.css?body=1" for 111.86.194.111 at 2016-03-06 15:00:55 +0000


Started GET "/assets/words.self-e3b0c44298fc1c149afbf4c8996fb92427ae41e4649b934ca495991b7852b855.css?body=1" for 111.86.194.111 at 2016-03-06 15:00:55 +0000


Started GET "/assets/application.self-0c5ba82307f35f41e4e1c3d99e7728b621726be24c618f66ed30027d5b885428.css?body=1" for 111.86.194.111 at 2016-03-06 15:00:55 +0000


Started GET "/assets/jquery.self-d03a5518f45df77341bdbe6201ba3bfa547ebba8ed64f0ea56bfa5f96ea7c074.js?body=1" for 111.86.194.111 at 2016-03-06 15:00:56 +0000


Started GET "/assets/jquery_ujs.self-8e98a7a072a6cee1372d19fff9ff3e6aa1e39a37d89d6f06861637d061113ee7.js?body=1" for 111.86.194.111 at 2016-03-06 15:00:56 +0000


Started GET "/assets/turbolinks.self-c846e670826600e8c91b1a5ada3e6547110d996cd6ff24cde55024f7a135a1b4.js?body=1" for 111.86.194.111 at 2016-03-06 15:00:56 +0000


Started GET "/assets/static_pages.self-877aef30ae1b040ab8a3aba4e3e309a11d7f2612f44dde450b5c157aa5f95c05.js?body=1" for 111.86.194.111 at 2016-03-06 15:00:56 +0000


Started GET "/assets/words.self-877aef30ae1b040ab8a3aba4e3e309a11d7f2612f44dde450b5c157aa5f95c05.js?body=1" for 111.86.194.111 at 2016-03-06 15:00:56 +0000


Started GET "/assets/application.self-3b8dabdc891efe46b9a144b400ad69e37d7e5876bdc39dee783419a69d7ca819.js?body=1" for 111.86.194.111 at 2016-03-06 15:00:56 +0000


Started GET "/words" for 111.86.194.111 at 2016-03-06 15:01:21 +0000
Processing by WordsController#index as HTML
  [1m[35mWord Load (0.4ms)[0m  SELECT "words".* FROM "words"
  Rendered words/index.html.erb within layouts/application (4.2ms)
Completed 200 OK in 51ms (Views: 48.9ms | ActiveRecord: 0.4ms)


Started GET "/words/new" for 111.86.194.111 at 2016-03-06 15:01:26 +0000
Processing by WordsController#new as HTML
  Rendered words/_form.html.erb (2.4ms)
  Rendered words/new.html.erb within layouts/application (7.1ms)
Completed 200 OK in 65ms (Views: 63.4ms | ActiveRecord: 0.0ms)


Started POST "/words" for 111.86.194.111 at 2016-03-06 15:01:46 +0000
Processing by WordsController#create as HTML
  Parameters: {"utf8"=>"âœ“", "authenticity_token"=>"6fya+xiOmM0662e93+C2WL19ZWKW9o1T/e9mvPtLb0PP5wL/Nt71NvXRevzVjx00JSOdVv2HlLAKpnvugTabbg==", "word"=>{"conjunction"=>"è¦ã™ã‚‹ã«"}, "commit"=>"Create Word"}
  [1m[36m (0.2ms)[0m  [1mbegin transaction[0m
  [1m[35mSQL (3.4ms)[0m  INSERT INTO "words" ("conjunction", "created_at", "updated_at") VALUES (?, ?, ?)  [["conjunction", "è¦ã™ã‚‹ã«"], ["created_at", "2016-03-06 15:01:46.738591"], ["updated_at", "2016-03-06 15:01:46.738591"]]
  [1m[36m (14.3ms)[0m  [1mcommit transaction[0m
Redirected to https://get-setsuzokushi-hirofumikajiwara-2.c9users.io/words/6
Completed 302 Found in 27ms (ActiveRecord: 17.9ms)


Started GET "/words/6" for 111.86.194.111 at 2016-03-06 15:01:46 +0000
Processing by WordsController#show as HTML
  Parameters: {"id"=>"6"}
  [1m[35mWord Load (0.3ms)[0m  SELECT  "words".* FROM "words" WHERE "words"."id" = ? LIMIT 1  [["id", 6]]
  Rendered words/show.html.erb within layouts/application (0.8ms)
Completed 200 OK in 82ms (Views: 78.3ms | ActiveRecord: 0.3ms)


Started GET "/words" for 111.86.194.111 at 2016-03-06 15:01:49 +0000
Processing by WordsController#index as HTML
  [1m[36mWord Load (0.3ms)[0m  [1mSELECT "words".* FROM "words"[0m
  Rendered words/index.html.erb within layouts/application (5.3ms)
Completed 200 OK in 83ms (Views: 81.9ms | ActiveRecord: 0.3ms)
